2016-03-02 18:59:49,712 INFO [localhost-startStop-1] o.s.w.c.ContextLoader [ContextLoader.java:285] Root WebApplicationContext: initialization started
2016-03-02 18:59:49,912 INFO [localhost-startStop-1] o.s.w.c.s.XmlWebApplicationContext [AbstractApplicationContext.java:510] Refreshing Root WebApplicationContext: startup date [Wed Mar 02 18:59:49 CET 2016]; root of context hierarchy
2016-03-02 18:59:49,995 INFO [localhost-startStop-1] o.s.b.f.x.XmlBeanDefinitionReader [XmlBeanDefinitionReader.java:317] Loading XML bean definitions from class path resource [spring/business-config.xml]
2016-03-02 18:59:50,912 INFO [localhost-startStop-1] o.s.b.f.x.XmlBeanDefinitionReader [XmlBeanDefinitionReader.java:317] Loading XML bean definitions from class path resource [spring/persistence-config.xml]
2016-03-02 18:59:51,312 INFO [localhost-startStop-1] o.s.c.s.PropertySourcesPlaceholderConfigurer [PropertiesLoaderSupport.java:172] Loading properties file from class path resource [spring/data-access.properties]
2016-03-02 18:59:51,339 INFO [localhost-startStop-1] o.s.b.f.a.AutowiredAnnotationBeanPostProcessor [AutowiredAnnotationBeanPostProcessor.java:153] JSR-330 'javax.inject.Inject' annotation found and supported for autowiring
2016-03-02 18:59:51,760 INFO [localhost-startStop-1] o.s.o.j.LocalContainerEntityManagerFactoryBean [LocalContainerEntityManagerFactoryBean.java:339] Building JPA container EntityManagerFactory for persistence unit 'wp'
2016-03-02 18:59:51,841 INFO [localhost-startStop-1] o.h.j.i.u.LogHelper [LogHelper.java:46] HHH000204: Processing PersistenceUnitInfo [
	name: wp
	...]
2016-03-02 18:59:52,280 INFO [localhost-startStop-1] o.h.Version [Version.java:54] HHH000412: Hibernate Core {4.3.10.Final}
2016-03-02 18:59:52,285 INFO [localhost-startStop-1] o.h.c.Environment [Environment.java:239] HHH000206: hibernate.properties not found
2016-03-02 18:59:52,289 INFO [localhost-startStop-1] o.h.c.Environment [Environment.java:346] HHH000021: Bytecode provider name : javassist
2016-03-02 18:59:52,728 INFO [localhost-startStop-1] o.h.a.c.Version [JavaReflectionManager.java:66] HCANN000001: Hibernate Commons Annotations {4.0.5.Final}
2016-03-02 18:59:53,628 INFO [localhost-startStop-1] o.h.d.Dialect [Dialect.java:145] HHH000400: Using dialect: org.hibernate.dialect.MySQLDialect
2016-03-02 18:59:53,962 INFO [localhost-startStop-1] o.h.h.i.a.ASTQueryTranslatorFactory [ASTQueryTranslatorFactory.java:47] HHH000397: Using ASTQueryTranslatorFactory
2016-03-02 18:59:54,058 INFO [localhost-startStop-1] o.h.v.i.u.Version [Version.java:27] HV000001: Hibernate Validator 5.1.3.Final
2016-03-02 18:59:55,081 INFO [localhost-startStop-1] o.h.t.h.SchemaUpdate [SchemaUpdate.java:207] HHH000228: Running hbm2ddl schema update
2016-03-02 18:59:55,082 INFO [localhost-startStop-1] o.h.t.h.SchemaUpdate [SchemaUpdate.java:218] HHH000102: Fetching database metadata
2016-03-02 18:59:55,086 INFO [localhost-startStop-1] o.h.t.h.SchemaUpdate [SchemaUpdate.java:230] HHH000396: Updating schema
2016-03-02 18:59:55,206 INFO [localhost-startStop-1] o.h.t.h.TableMetadata [TableMetadata.java:65] HHH000261: Table found: wp_project.image_urls
2016-03-02 18:59:55,207 INFO [localhost-startStop-1] o.h.t.h.TableMetadata [TableMetadata.java:66] HHH000037: Columns: [image_url, id]
2016-03-02 18:59:55,208 INFO [localhost-startStop-1] o.h.t.h.TableMetadata [TableMetadata.java:68] HHH000108: Foreign keys: [fk_l7bw52eg0668q96j2tghmhn2j]
2016-03-02 18:59:55,208 INFO [localhost-startStop-1] o.h.t.h.TableMetadata [TableMetadata.java:69] HHH000126: Indexes: [uk_8ddf373eeg8y6vmptpj9u3ifq]
2016-03-02 18:59:55,261 INFO [localhost-startStop-1] o.h.t.h.TableMetadata [TableMetadata.java:65] HHH000261: Table found: wp_project.listings
2016-03-02 18:59:55,262 INFO [localhost-startStop-1] o.h.t.h.TableMetadata [TableMetadata.java:66] HHH000037: Columns: [user_id, id, title, createdon, content]
2016-03-02 18:59:55,262 INFO [localhost-startStop-1] o.h.t.h.TableMetadata [TableMetadata.java:68] HHH000108: Foreign keys: [fk_qv926x4jhroce71534nmady6a]
2016-03-02 18:59:55,263 INFO [localhost-startStop-1] o.h.t.h.TableMetadata [TableMetadata.java:69] HHH000126: Indexes: [fk_qv926x4jhroce71534nmady6a, primary]
2016-03-02 18:59:55,310 INFO [localhost-startStop-1] o.h.t.h.TableMetadata [TableMetadata.java:65] HHH000261: Table found: wp_project.messages
2016-03-02 18:59:55,312 INFO [localhost-startStop-1] o.h.t.h.TableMetadata [TableMetadata.java:66] HHH000037: Columns: [senton, id, content]
2016-03-02 18:59:55,312 INFO [localhost-startStop-1] o.h.t.h.TableMetadata [TableMetadata.java:68] HHH000108: Foreign keys: []
2016-03-02 18:59:55,312 INFO [localhost-startStop-1] o.h.t.h.TableMetadata [TableMetadata.java:69] HHH000126: Indexes: [primary]
2016-03-02 18:59:55,357 INFO [localhost-startStop-1] o.h.t.h.TableMetadata [TableMetadata.java:65] HHH000261: Table found: wp_project.users
2016-03-02 18:59:55,358 INFO [localhost-startStop-1] o.h.t.h.TableMetadata [TableMetadata.java:66] HHH000037: Columns: [password, birthdate, isadmin, surname, imageurl, name, uploadpath, id, email, username]
2016-03-02 18:59:55,359 INFO [localhost-startStop-1] o.h.t.h.TableMetadata [TableMetadata.java:68] HHH000108: Foreign keys: []
2016-03-02 18:59:55,359 INFO [localhost-startStop-1] o.h.t.h.TableMetadata [TableMetadata.java:69] HHH000126: Indexes: [uk_r43af9ap4edm43mmtq01oddj6, primary]
2016-03-02 18:59:55,360 INFO [localhost-startStop-1] o.h.t.h.SchemaUpdate [SchemaUpdate.java:267] HHH000232: Schema update complete
2016-03-02 18:59:55,798 INFO [localhost-startStop-1] o.s.w.c.ContextLoader [ContextLoader.java:325] Root WebApplicationContext: initialization completed in 6080 ms
2016-03-02 18:59:55,840 INFO [localhost-startStop-1] o.s.w.s.DispatcherServlet [FrameworkServlet.java:485] FrameworkServlet 'dispatcherServlet': initialization started
2016-03-02 18:59:55,844 INFO [localhost-startStop-1] o.s.w.c.s.XmlWebApplicationContext [AbstractApplicationContext.java:510] Refreshing WebApplicationContext for namespace 'dispatcherServlet-servlet': startup date [Wed Mar 02 18:59:55 CET 2016]; parent: Root WebApplicationContext
2016-03-02 18:59:55,845 INFO [localhost-startStop-1] o.s.b.f.x.XmlBeanDefinitionReader [XmlBeanDefinitionReader.java:317] Loading XML bean definitions from class path resource [spring/mvc-core-config.xml]
2016-03-02 18:59:55,916 INFO [localhost-startStop-1] o.s.b.f.x.XmlBeanDefinitionReader [XmlBeanDefinitionReader.java:317] Loading XML bean definitions from class path resource [spring/mvc-view-config.xml]
2016-03-02 18:59:56,109 INFO [localhost-startStop-1] o.s.b.f.a.AutowiredAnnotationBeanPostProcessor [AutowiredAnnotationBeanPostProcessor.java:153] JSR-330 'javax.inject.Inject' annotation found and supported for autowiring
2016-03-02 18:59:56,360 INFO [localhost-startStop-1] o.s.w.s.m.m.a.RequestMappingHandlerMapping [AbstractHandlerMethodMapping.java:217] Mapped "{[/],methods=[GET]}" onto public org.springframework.web.servlet.ModelAndView mk.ukim.finki.wp.web.HomeController.index(javax.servlet.http.HttpServletRequest)
2016-03-02 18:59:56,361 INFO [localhost-startStop-1] o.s.w.s.m.m.a.RequestMappingHandlerMapping [AbstractHandlerMethodMapping.java:217] Mapped "{[/login],methods=[GET]}" onto public org.springframework.web.servlet.ModelAndView mk.ukim.finki.wp.web.HomeController.login()
2016-03-02 18:59:56,362 INFO [localhost-startStop-1] o.s.w.s.m.m.a.RequestMappingHandlerMapping [AbstractHandlerMethodMapping.java:217] Mapped "{[/listing],methods=[POST]}" onto public org.springframework.web.servlet.ModelAndView mk.ukim.finki.wp.web.HomeController.createListing(java.lang.String,java.lang.String,java.util.ArrayList<org.springframework.web.multipart.MultipartFile>,javax.servlet.http.HttpSession)
2016-03-02 18:59:56,362 INFO [localhost-startStop-1] o.s.w.s.m.m.a.RequestMappingHandlerMapping [AbstractHandlerMethodMapping.java:217] Mapped "{[/],methods=[POST]}" onto public org.springframework.web.servlet.ModelAndView mk.ukim.finki.wp.web.HomeController.afterSubmit(java.lang.String,java.lang.String,java.lang.String,java.lang.String,java.lang.String,java.lang.String,org.springframework.web.multipart.MultipartFile)
2016-03-02 18:59:56,365 INFO [localhost-startStop-1] o.s.w.s.m.m.a.RequestMappingHandlerMapping [AbstractHandlerMethodMapping.java:217] Mapped "{[/api/listing],methods=[GET],produces=[application/json]}" onto public java.util.List<mk.ukim.finki.wp.model.Listing> mk.ukim.finki.wp.web.ListingResource.getAllListings()
2016-03-02 18:59:56,366 INFO [localhost-startStop-1] o.s.w.s.m.m.a.RequestMappingHandlerMapping [AbstractHandlerMethodMapping.java:217] Mapped "{[/api/listing/user/{id}],methods=[GET],produces=[application/json]}" onto public java.util.List<mk.ukim.finki.wp.model.Listing> mk.ukim.finki.wp.web.ListingResource.getAllListingsByUser(java.lang.Long)
2016-03-02 18:59:56,368 INFO [localhost-startStop-1] o.s.w.s.m.m.a.RequestMappingHandlerMapping [AbstractHandlerMethodMapping.java:217] Mapped "{[/api/user/{id}],methods=[GET],produces=[application/json]}" onto public mk.ukim.finki.wp.model.User mk.ukim.finki.wp.web.UserResource.getUser(java.lang.Long)
2016-03-02 18:59:56,368 INFO [localhost-startStop-1] o.s.w.s.m.m.a.RequestMappingHandlerMapping [AbstractHandlerMethodMapping.java:217] Mapped "{[/api/user],methods=[GET],produces=[application/json]}" onto public java.util.List<mk.ukim.finki.wp.model.User> mk.ukim.finki.wp.web.UserResource.getAllUsers()
2016-03-02 18:59:56,369 INFO [localhost-startStop-1] o.s.w.s.m.m.a.RequestMappingHandlerMapping [AbstractHandlerMethodMapping.java:217] Mapped "{[/api/user/admin],methods=[GET],produces=[application/json]}" onto public java.util.List<mk.ukim.finki.wp.model.User> mk.ukim.finki.wp.web.UserResource.getAllAdmins()
2016-03-02 18:59:56,369 INFO [localhost-startStop-1] o.s.w.s.m.m.a.RequestMappingHandlerMapping [AbstractHandlerMethodMapping.java:217] Mapped "{[/api/user/remove/{id}],methods=[DELETE],produces=[application/json]}" onto public void mk.ukim.finki.wp.web.UserResource.removeUser(java.lang.Long)
2016-03-02 18:59:56,370 INFO [localhost-startStop-1] o.s.w.s.m.m.a.RequestMappingHandlerMapping [AbstractHandlerMethodMapping.java:217] Mapped "{[/api/user/update/{id}],methods=[PUT],produces=[application/json]}" onto public void mk.ukim.finki.wp.web.UserResource.updateUser(java.lang.Long,java.lang.String,java.lang.String,java.lang.String,java.lang.String,java.lang.String,java.lang.String)
2016-03-02 18:59:56,971 INFO [localhost-startStop-1] o.s.w.s.m.m.a.RequestMappingHandlerAdapter [RequestMappingHandlerAdapter.java:517] Looking for @ControllerAdvice: WebApplicationContext for namespace 'dispatcherServlet-servlet': startup date [Wed Mar 02 18:59:55 CET 2016]; parent: Root WebApplicationContext
2016-03-02 18:59:57,023 INFO [localhost-startStop-1] o.s.w.s.m.m.a.RequestMappingHandlerAdapter [RequestMappingHandlerAdapter.java:517] Looking for @ControllerAdvice: WebApplicationContext for namespace 'dispatcherServlet-servlet': startup date [Wed Mar 02 18:59:55 CET 2016]; parent: Root WebApplicationContext
2016-03-02 18:59:57,127 INFO [localhost-startStop-1] o.s.w.s.h.SimpleUrlHandlerMapping [AbstractUrlHandlerMapping.java:314] Mapped URL path [/resources/**] onto handler 'org.springframework.web.servlet.resource.ResourceHttpRequestHandler#0'
2016-03-02 18:59:57,140 INFO [localhost-startStop-1] o.s.w.s.h.SimpleUrlHandlerMapping [AbstractUrlHandlerMapping.java:301] Root mapping to handler of type [class org.springframework.web.servlet.mvc.ParameterizableViewController]
2016-03-02 18:59:57,151 INFO [localhost-startStop-1] o.s.w.s.h.SimpleUrlHandlerMapping [AbstractUrlHandlerMapping.java:314] Mapped URL path [/**] onto handler 'org.springframework.web.servlet.resource.DefaultServletHttpRequestHandler#0'
2016-03-02 18:59:57,580 INFO [localhost-startStop-1] o.s.w.s.DispatcherServlet [FrameworkServlet.java:504] FrameworkServlet 'dispatcherServlet': initialization completed in 1740 ms
2016-03-02 19:00:34,350 WARN [http-bio-8080-exec-10] o.s.w.s.PageNotFound [DefaultHandlerExceptionResolver.java:198] Request method 'POST' not supported
2016-03-02 19:01:04,573 WARN [http-bio-8080-exec-9] o.s.w.s.PageNotFound [DefaultHandlerExceptionResolver.java:198] Request method 'GET' not supported
2016-03-02 19:17:17,495 INFO [localhost-startStop-1] o.s.w.c.ContextLoader [ContextLoader.java:285] Root WebApplicationContext: initialization started
2016-03-02 19:17:18,972 INFO [localhost-startStop-1] o.s.w.c.s.XmlWebApplicationContext [AbstractApplicationContext.java:510] Refreshing Root WebApplicationContext: startup date [Wed Mar 02 19:17:18 CET 2016]; root of context hierarchy
2016-03-02 19:17:19,052 INFO [localhost-startStop-1] o.s.b.f.x.XmlBeanDefinitionReader [XmlBeanDefinitionReader.java:317] Loading XML bean definitions from class path resource [spring/business-config.xml]
2016-03-02 19:17:19,829 INFO [localhost-startStop-1] o.s.b.f.x.XmlBeanDefinitionReader [XmlBeanDefinitionReader.java:317] Loading XML bean definitions from class path resource [spring/persistence-config.xml]
2016-03-02 19:17:20,252 INFO [localhost-startStop-1] o.s.c.s.PropertySourcesPlaceholderConfigurer [PropertiesLoaderSupport.java:172] Loading properties file from class path resource [spring/data-access.properties]
2016-03-02 19:17:20,283 INFO [localhost-startStop-1] o.s.b.f.a.AutowiredAnnotationBeanPostProcessor [AutowiredAnnotationBeanPostProcessor.java:153] JSR-330 'javax.inject.Inject' annotation found and supported for autowiring
2016-03-02 19:17:20,708 INFO [localhost-startStop-1] o.s.o.j.LocalContainerEntityManagerFactoryBean [LocalContainerEntityManagerFactoryBean.java:339] Building JPA container EntityManagerFactory for persistence unit 'wp'
2016-03-02 19:17:20,873 INFO [localhost-startStop-1] o.h.j.i.u.LogHelper [LogHelper.java:46] HHH000204: Processing PersistenceUnitInfo [
	name: wp
	...]
2016-03-02 19:17:21,184 INFO [localhost-startStop-1] o.h.Version [Version.java:54] HHH000412: Hibernate Core {4.3.10.Final}
2016-03-02 19:17:21,188 INFO [localhost-startStop-1] o.h.c.Environment [Environment.java:239] HHH000206: hibernate.properties not found
2016-03-02 19:17:21,198 INFO [localhost-startStop-1] o.h.c.Environment [Environment.java:346] HHH000021: Bytecode provider name : javassist
2016-03-02 19:17:21,526 INFO [localhost-startStop-1] o.h.a.c.Version [JavaReflectionManager.java:66] HCANN000001: Hibernate Commons Annotations {4.0.5.Final}
2016-03-02 19:17:22,701 INFO [localhost-startStop-1] o.h.d.Dialect [Dialect.java:145] HHH000400: Using dialect: org.hibernate.dialect.MySQLDialect
2016-03-02 19:17:23,233 INFO [localhost-startStop-1] o.h.h.i.a.ASTQueryTranslatorFactory [ASTQueryTranslatorFactory.java:47] HHH000397: Using ASTQueryTranslatorFactory
2016-03-02 19:17:23,319 INFO [localhost-startStop-1] o.h.v.i.u.Version [Version.java:27] HV000001: Hibernate Validator 5.1.3.Final
2016-03-02 19:17:24,461 INFO [localhost-startStop-1] o.h.t.h.SchemaUpdate [SchemaUpdate.java:207] HHH000228: Running hbm2ddl schema update
2016-03-02 19:17:24,461 INFO [localhost-startStop-1] o.h.t.h.SchemaUpdate [SchemaUpdate.java:218] HHH000102: Fetching database metadata
2016-03-02 19:17:24,464 INFO [localhost-startStop-1] o.h.t.h.SchemaUpdate [SchemaUpdate.java:230] HHH000396: Updating schema
2016-03-02 19:17:24,520 INFO [localhost-startStop-1] o.h.t.h.TableMetadata [TableMetadata.java:65] HHH000261: Table found: wp_project.image_urls
2016-03-02 19:17:24,521 INFO [localhost-startStop-1] o.h.t.h.TableMetadata [TableMetadata.java:66] HHH000037: Columns: [image_url, id]
2016-03-02 19:17:24,521 INFO [localhost-startStop-1] o.h.t.h.TableMetadata [TableMetadata.java:68] HHH000108: Foreign keys: [fk_l7bw52eg0668q96j2tghmhn2j]
2016-03-02 19:17:24,522 INFO [localhost-startStop-1] o.h.t.h.TableMetadata [TableMetadata.java:69] HHH000126: Indexes: [uk_8ddf373eeg8y6vmptpj9u3ifq]
2016-03-02 19:17:24,580 INFO [localhost-startStop-1] o.h.t.h.TableMetadata [TableMetadata.java:65] HHH000261: Table found: wp_project.listings
2016-03-02 19:17:24,580 INFO [localhost-startStop-1] o.h.t.h.TableMetadata [TableMetadata.java:66] HHH000037: Columns: [user_id, id, title, createdon, content]
2016-03-02 19:17:24,581 INFO [localhost-startStop-1] o.h.t.h.TableMetadata [TableMetadata.java:68] HHH000108: Foreign keys: [fk_qv926x4jhroce71534nmady6a]
2016-03-02 19:17:24,581 INFO [localhost-startStop-1] o.h.t.h.TableMetadata [TableMetadata.java:69] HHH000126: Indexes: [fk_qv926x4jhroce71534nmady6a, primary]
2016-03-02 19:17:24,621 INFO [localhost-startStop-1] o.h.t.h.TableMetadata [TableMetadata.java:65] HHH000261: Table found: wp_project.messages
2016-03-02 19:17:24,622 INFO [localhost-startStop-1] o.h.t.h.TableMetadata [TableMetadata.java:66] HHH000037: Columns: [senton, id, content]
2016-03-02 19:17:24,622 INFO [localhost-startStop-1] o.h.t.h.TableMetadata [TableMetadata.java:68] HHH000108: Foreign keys: []
2016-03-02 19:17:24,622 INFO [localhost-startStop-1] o.h.t.h.TableMetadata [TableMetadata.java:69] HHH000126: Indexes: [primary]
2016-03-02 19:17:24,660 INFO [localhost-startStop-1] o.h.t.h.TableMetadata [TableMetadata.java:65] HHH000261: Table found: wp_project.users
2016-03-02 19:17:24,660 INFO [localhost-startStop-1] o.h.t.h.TableMetadata [TableMetadata.java:66] HHH000037: Columns: [password, birthdate, isadmin, surname, imageurl, name, uploadpath, id, email, username]
2016-03-02 19:17:24,661 INFO [localhost-startStop-1] o.h.t.h.TableMetadata [TableMetadata.java:68] HHH000108: Foreign keys: []
2016-03-02 19:17:24,661 INFO [localhost-startStop-1] o.h.t.h.TableMetadata [TableMetadata.java:69] HHH000126: Indexes: [uk_r43af9ap4edm43mmtq01oddj6, primary]
2016-03-02 19:17:24,662 INFO [localhost-startStop-1] o.h.t.h.SchemaUpdate [SchemaUpdate.java:267] HHH000232: Schema update complete
2016-03-02 19:17:25,110 INFO [localhost-startStop-1] o.s.w.c.ContextLoader [ContextLoader.java:325] Root WebApplicationContext: initialization completed in 7608 ms
2016-03-02 19:17:25,143 INFO [localhost-startStop-1] o.s.w.s.DispatcherServlet [FrameworkServlet.java:485] FrameworkServlet 'dispatcherServlet': initialization started
2016-03-02 19:17:25,149 INFO [localhost-startStop-1] o.s.w.c.s.XmlWebApplicationContext [AbstractApplicationContext.java:510] Refreshing WebApplicationContext for namespace 'dispatcherServlet-servlet': startup date [Wed Mar 02 19:17:25 CET 2016]; parent: Root WebApplicationContext
2016-03-02 19:17:25,150 INFO [localhost-startStop-1] o.s.b.f.x.XmlBeanDefinitionReader [XmlBeanDefinitionReader.java:317] Loading XML bean definitions from class path resource [spring/mvc-core-config.xml]
2016-03-02 19:17:25,215 INFO [localhost-startStop-1] o.s.b.f.x.XmlBeanDefinitionReader [XmlBeanDefinitionReader.java:317] Loading XML bean definitions from class path resource [spring/mvc-view-config.xml]
2016-03-02 19:17:25,411 INFO [localhost-startStop-1] o.s.b.f.a.AutowiredAnnotationBeanPostProcessor [AutowiredAnnotationBeanPostProcessor.java:153] JSR-330 'javax.inject.Inject' annotation found and supported for autowiring
2016-03-02 19:17:25,618 INFO [localhost-startStop-1] o.s.w.s.m.m.a.RequestMappingHandlerMapping [AbstractHandlerMethodMapping.java:217] Mapped "{[/],methods=[GET]}" onto public org.springframework.web.servlet.ModelAndView mk.ukim.finki.wp.web.HomeController.index(javax.servlet.http.HttpServletRequest)
2016-03-02 19:17:25,619 INFO [localhost-startStop-1] o.s.w.s.m.m.a.RequestMappingHandlerMapping [AbstractHandlerMethodMapping.java:217] Mapped "{[/listing],methods=[POST]}" onto public org.springframework.web.servlet.ModelAndView mk.ukim.finki.wp.web.HomeController.createListing(java.lang.String,java.lang.String,java.util.ArrayList<org.springframework.web.multipart.MultipartFile>,javax.servlet.http.HttpSession)
2016-03-02 19:17:25,619 INFO [localhost-startStop-1] o.s.w.s.m.m.a.RequestMappingHandlerMapping [AbstractHandlerMethodMapping.java:217] Mapped "{[/login],methods=[GET]}" onto public org.springframework.web.servlet.ModelAndView mk.ukim.finki.wp.web.HomeController.login()
2016-03-02 19:17:25,619 INFO [localhost-startStop-1] o.s.w.s.m.m.a.RequestMappingHandlerMapping [AbstractHandlerMethodMapping.java:217] Mapped "{[/],methods=[POST]}" onto public org.springframework.web.servlet.ModelAndView mk.ukim.finki.wp.web.HomeController.afterSubmit(java.lang.String,java.lang.String,java.lang.String,java.lang.String,java.lang.String,java.lang.String,org.springframework.web.multipart.MultipartFile)
2016-03-02 19:17:25,622 INFO [localhost-startStop-1] o.s.w.s.m.m.a.RequestMappingHandlerMapping [AbstractHandlerMethodMapping.java:217] Mapped "{[/api/listing/user/{id}],methods=[GET],produces=[application/json]}" onto public java.util.List<mk.ukim.finki.wp.model.Listing> mk.ukim.finki.wp.web.ListingResource.getAllListingsByUser(java.lang.Long)
2016-03-02 19:17:25,623 INFO [localhost-startStop-1] o.s.w.s.m.m.a.RequestMappingHandlerMapping [AbstractHandlerMethodMapping.java:217] Mapped "{[/api/listing],methods=[GET],produces=[application/json]}" onto public java.util.List<mk.ukim.finki.wp.model.Listing> mk.ukim.finki.wp.web.ListingResource.getAllListings()
2016-03-02 19:17:25,626 INFO [localhost-startStop-1] o.s.w.s.m.m.a.RequestMappingHandlerMapping [AbstractHandlerMethodMapping.java:217] Mapped "{[/api/user/{id}],methods=[GET],produces=[application/json]}" onto public mk.ukim.finki.wp.model.User mk.ukim.finki.wp.web.UserResource.getUser(java.lang.Long)
2016-03-02 19:17:25,627 INFO [localhost-startStop-1] o.s.w.s.m.m.a.RequestMappingHandlerMapping [AbstractHandlerMethodMapping.java:217] Mapped "{[/api/user/admin],methods=[GET],produces=[application/json]}" onto public java.util.List<mk.ukim.finki.wp.model.User> mk.ukim.finki.wp.web.UserResource.getAllAdmins()
2016-03-02 19:17:25,628 INFO [localhost-startStop-1] o.s.w.s.m.m.a.RequestMappingHandlerMapping [AbstractHandlerMethodMapping.java:217] Mapped "{[/api/user],methods=[GET],produces=[application/json]}" onto public java.util.List<mk.ukim.finki.wp.model.User> mk.ukim.finki.wp.web.UserResource.getAllUsers()
2016-03-02 19:17:25,629 INFO [localhost-startStop-1] o.s.w.s.m.m.a.RequestMappingHandlerMapping [AbstractHandlerMethodMapping.java:217] Mapped "{[/api/user/remove/{id}],methods=[DELETE],produces=[application/json]}" onto public void mk.ukim.finki.wp.web.UserResource.removeUser(java.lang.Long)
2016-03-02 19:17:25,629 INFO [localhost-startStop-1] o.s.w.s.m.m.a.RequestMappingHandlerMapping [AbstractHandlerMethodMapping.java:217] Mapped "{[/api/user/update/{id}],methods=[POST],produces=[application/json]}" onto public void mk.ukim.finki.wp.web.UserResource.updateUser(java.lang.Long,java.lang.String,java.lang.String,java.lang.String,java.lang.String,java.lang.String,java.lang.String)
2016-03-02 19:17:26,206 INFO [localhost-startStop-1] o.s.w.s.m.m.a.RequestMappingHandlerAdapter [RequestMappingHandlerAdapter.java:517] Looking for @ControllerAdvice: WebApplicationContext for namespace 'dispatcherServlet-servlet': startup date [Wed Mar 02 19:17:25 CET 2016]; parent: Root WebApplicationContext
2016-03-02 19:17:26,269 INFO [localhost-startStop-1] o.s.w.s.m.m.a.RequestMappingHandlerAdapter [RequestMappingHandlerAdapter.java:517] Looking for @ControllerAdvice: WebApplicationContext for namespace 'dispatcherServlet-servlet': startup date [Wed Mar 02 19:17:25 CET 2016]; parent: Root WebApplicationContext
2016-03-02 19:17:26,378 INFO [localhost-startStop-1] o.s.w.s.h.SimpleUrlHandlerMapping [AbstractUrlHandlerMapping.java:314] Mapped URL path [/resources/**] onto handler 'org.springframework.web.servlet.resource.ResourceHttpRequestHandler#0'
2016-03-02 19:17:26,393 INFO [localhost-startStop-1] o.s.w.s.h.SimpleUrlHandlerMapping [AbstractUrlHandlerMapping.java:301] Root mapping to handler of type [class org.springframework.web.servlet.mvc.ParameterizableViewController]
2016-03-02 19:17:26,401 INFO [localhost-startStop-1] o.s.w.s.h.SimpleUrlHandlerMapping [AbstractUrlHandlerMapping.java:314] Mapped URL path [/**] onto handler 'org.springframework.web.servlet.resource.DefaultServletHttpRequestHandler#0'
2016-03-02 19:17:26,490 INFO [localhost-startStop-1] o.s.w.s.DispatcherServlet [FrameworkServlet.java:504] FrameworkServlet 'dispatcherServlet': initialization completed in 1346 ms
2016-03-02 19:21:16,745 INFO [localhost-startStop-1] o.s.w.c.ContextLoader [ContextLoader.java:285] Root WebApplicationContext: initialization started
2016-03-02 19:21:16,863 INFO [localhost-startStop-1] o.s.w.c.s.XmlWebApplicationContext [AbstractApplicationContext.java:510] Refreshing Root WebApplicationContext: startup date [Wed Mar 02 19:21:16 CET 2016]; root of context hierarchy
2016-03-02 19:21:16,908 INFO [localhost-startStop-1] o.s.b.f.x.XmlBeanDefinitionReader [XmlBeanDefinitionReader.java:317] Loading XML bean definitions from class path resource [spring/business-config.xml]
2016-03-02 19:21:17,196 INFO [localhost-startStop-1] o.s.b.f.x.XmlBeanDefinitionReader [XmlBeanDefinitionReader.java:317] Loading XML bean definitions from class path resource [spring/persistence-config.xml]
2016-03-02 19:21:17,663 INFO [localhost-startStop-1] o.s.c.s.PropertySourcesPlaceholderConfigurer [PropertiesLoaderSupport.java:172] Loading properties file from class path resource [spring/data-access.properties]
2016-03-02 19:21:17,686 INFO [localhost-startStop-1] o.s.b.f.a.AutowiredAnnotationBeanPostProcessor [AutowiredAnnotationBeanPostProcessor.java:153] JSR-330 'javax.inject.Inject' annotation found and supported for autowiring
2016-03-02 19:21:18,014 INFO [localhost-startStop-1] o.s.o.j.LocalContainerEntityManagerFactoryBean [LocalContainerEntityManagerFactoryBean.java:339] Building JPA container EntityManagerFactory for persistence unit 'wp'
2016-03-02 19:21:18,067 INFO [localhost-startStop-1] o.h.j.i.u.LogHelper [LogHelper.java:46] HHH000204: Processing PersistenceUnitInfo [
	name: wp
	...]
2016-03-02 19:21:18,322 INFO [localhost-startStop-1] o.h.Version [Version.java:54] HHH000412: Hibernate Core {4.3.10.Final}
2016-03-02 19:21:18,326 INFO [localhost-startStop-1] o.h.c.Environment [Environment.java:239] HHH000206: hibernate.properties not found
2016-03-02 19:21:18,329 INFO [localhost-startStop-1] o.h.c.Environment [Environment.java:346] HHH000021: Bytecode provider name : javassist
2016-03-02 19:21:18,644 INFO [localhost-startStop-1] o.h.a.c.Version [JavaReflectionManager.java:66] HCANN000001: Hibernate Commons Annotations {4.0.5.Final}
2016-03-02 19:21:19,325 INFO [localhost-startStop-1] o.h.d.Dialect [Dialect.java:145] HHH000400: Using dialect: org.hibernate.dialect.MySQLDialect
2016-03-02 19:21:19,621 INFO [localhost-startStop-1] o.h.h.i.a.ASTQueryTranslatorFactory [ASTQueryTranslatorFactory.java:47] HHH000397: Using ASTQueryTranslatorFactory
2016-03-02 19:21:19,727 INFO [localhost-startStop-1] o.h.v.i.u.Version [Version.java:27] HV000001: Hibernate Validator 5.1.3.Final
2016-03-02 19:21:20,908 INFO [localhost-startStop-1] o.h.t.h.SchemaUpdate [SchemaUpdate.java:207] HHH000228: Running hbm2ddl schema update
2016-03-02 19:21:20,908 INFO [localhost-startStop-1] o.h.t.h.SchemaUpdate [SchemaUpdate.java:218] HHH000102: Fetching database metadata
2016-03-02 19:21:20,912 INFO [localhost-startStop-1] o.h.t.h.SchemaUpdate [SchemaUpdate.java:230] HHH000396: Updating schema
2016-03-02 19:21:20,964 INFO [localhost-startStop-1] o.h.t.h.TableMetadata [TableMetadata.java:65] HHH000261: Table found: wp_project.image_urls
2016-03-02 19:21:20,965 INFO [localhost-startStop-1] o.h.t.h.TableMetadata [TableMetadata.java:66] HHH000037: Columns: [image_url, id]
2016-03-02 19:21:20,965 INFO [localhost-startStop-1] o.h.t.h.TableMetadata [TableMetadata.java:68] HHH000108: Foreign keys: [fk_l7bw52eg0668q96j2tghmhn2j]
2016-03-02 19:21:20,966 INFO [localhost-startStop-1] o.h.t.h.TableMetadata [TableMetadata.java:69] HHH000126: Indexes: [uk_8ddf373eeg8y6vmptpj9u3ifq]
2016-03-02 19:21:20,992 INFO [localhost-startStop-1] o.h.t.h.TableMetadata [TableMetadata.java:65] HHH000261: Table found: wp_project.listings
2016-03-02 19:21:20,993 INFO [localhost-startStop-1] o.h.t.h.TableMetadata [TableMetadata.java:66] HHH000037: Columns: [user_id, id, title, createdon, content]
2016-03-02 19:21:20,993 INFO [localhost-startStop-1] o.h.t.h.TableMetadata [TableMetadata.java:68] HHH000108: Foreign keys: [fk_qv926x4jhroce71534nmady6a]
2016-03-02 19:21:20,994 INFO [localhost-startStop-1] o.h.t.h.TableMetadata [TableMetadata.java:69] HHH000126: Indexes: [fk_qv926x4jhroce71534nmady6a, primary]
2016-03-02 19:21:21,021 INFO [localhost-startStop-1] o.h.t.h.TableMetadata [TableMetadata.java:65] HHH000261: Table found: wp_project.messages
2016-03-02 19:21:21,022 INFO [localhost-startStop-1] o.h.t.h.TableMetadata [TableMetadata.java:66] HHH000037: Columns: [senton, id, content]
2016-03-02 19:21:21,025 INFO [localhost-startStop-1] o.h.t.h.TableMetadata [TableMetadata.java:68] HHH000108: Foreign keys: []
2016-03-02 19:21:21,025 INFO [localhost-startStop-1] o.h.t.h.TableMetadata [TableMetadata.java:69] HHH000126: Indexes: [primary]
2016-03-02 19:21:21,052 INFO [localhost-startStop-1] o.h.t.h.TableMetadata [TableMetadata.java:65] HHH000261: Table found: wp_project.users
2016-03-02 19:21:21,053 INFO [localhost-startStop-1] o.h.t.h.TableMetadata [TableMetadata.java:66] HHH000037: Columns: [password, birthdate, isadmin, surname, imageurl, name, uploadpath, id, email, username]
2016-03-02 19:21:21,054 INFO [localhost-startStop-1] o.h.t.h.TableMetadata [TableMetadata.java:68] HHH000108: Foreign keys: []
2016-03-02 19:21:21,054 INFO [localhost-startStop-1] o.h.t.h.TableMetadata [TableMetadata.java:69] HHH000126: Indexes: [uk_r43af9ap4edm43mmtq01oddj6, primary]
2016-03-02 19:21:21,056 INFO [localhost-startStop-1] o.h.t.h.SchemaUpdate [SchemaUpdate.java:267] HHH000232: Schema update complete
2016-03-02 19:21:21,609 INFO [localhost-startStop-1] o.s.w.c.ContextLoader [ContextLoader.java:325] Root WebApplicationContext: initialization completed in 4858 ms
2016-03-02 19:21:21,652 INFO [localhost-startStop-1] o.s.w.s.DispatcherServlet [FrameworkServlet.java:485] FrameworkServlet 'dispatcherServlet': initialization started
2016-03-02 19:21:21,657 INFO [localhost-startStop-1] o.s.w.c.s.XmlWebApplicationContext [AbstractApplicationContext.java:510] Refreshing WebApplicationContext for namespace 'dispatcherServlet-servlet': startup date [Wed Mar 02 19:21:21 CET 2016]; parent: Root WebApplicationContext
2016-03-02 19:21:21,658 INFO [localhost-startStop-1] o.s.b.f.x.XmlBeanDefinitionReader [XmlBeanDefinitionReader.java:317] Loading XML bean definitions from class path resource [spring/mvc-core-config.xml]
2016-03-02 19:21:21,721 INFO [localhost-startStop-1] o.s.b.f.x.XmlBeanDefinitionReader [XmlBeanDefinitionReader.java:317] Loading XML bean definitions from class path resource [spring/mvc-view-config.xml]
2016-03-02 19:21:21,929 INFO [localhost-startStop-1] o.s.b.f.a.AutowiredAnnotationBeanPostProcessor [AutowiredAnnotationBeanPostProcessor.java:153] JSR-330 'javax.inject.Inject' annotation found and supported for autowiring
2016-03-02 19:21:22,223 INFO [localhost-startStop-1] o.s.w.s.m.m.a.RequestMappingHandlerMapping [AbstractHandlerMethodMapping.java:217] Mapped "{[/],methods=[GET]}" onto public org.springframework.web.servlet.ModelAndView mk.ukim.finki.wp.web.HomeController.index(javax.servlet.http.HttpServletRequest)
2016-03-02 19:21:22,224 INFO [localhost-startStop-1] o.s.w.s.m.m.a.RequestMappingHandlerMapping [AbstractHandlerMethodMapping.java:217] Mapped "{[/login],methods=[GET]}" onto public org.springframework.web.servlet.ModelAndView mk.ukim.finki.wp.web.HomeController.login()
2016-03-02 19:21:22,224 INFO [localhost-startStop-1] o.s.w.s.m.m.a.RequestMappingHandlerMapping [AbstractHandlerMethodMapping.java:217] Mapped "{[/],methods=[POST]}" onto public org.springframework.web.servlet.ModelAndView mk.ukim.finki.wp.web.HomeController.afterSubmit(java.lang.String,java.lang.String,java.lang.String,java.lang.String,java.lang.String,java.lang.String,org.springframework.web.multipart.MultipartFile)
2016-03-02 19:21:22,225 INFO [localhost-startStop-1] o.s.w.s.m.m.a.RequestMappingHandlerMapping [AbstractHandlerMethodMapping.java:217] Mapped "{[/listing],methods=[POST]}" onto public org.springframework.web.servlet.ModelAndView mk.ukim.finki.wp.web.HomeController.createListing(java.lang.String,java.lang.String,java.util.ArrayList<org.springframework.web.multipart.MultipartFile>,javax.servlet.http.HttpSession)
2016-03-02 19:21:22,228 INFO [localhost-startStop-1] o.s.w.s.m.m.a.RequestMappingHandlerMapping [AbstractHandlerMethodMapping.java:217] Mapped "{[/api/listing],methods=[GET],produces=[application/json]}" onto public java.util.List<mk.ukim.finki.wp.model.Listing> mk.ukim.finki.wp.web.ListingResource.getAllListings()
2016-03-02 19:21:22,229 INFO [localhost-startStop-1] o.s.w.s.m.m.a.RequestMappingHandlerMapping [AbstractHandlerMethodMapping.java:217] Mapped "{[/api/listing/user/{id}],methods=[GET],produces=[application/json]}" onto public java.util.List<mk.ukim.finki.wp.model.Listing> mk.ukim.finki.wp.web.ListingResource.getAllListingsByUser(java.lang.Long)
2016-03-02 19:21:22,232 INFO [localhost-startStop-1] o.s.w.s.m.m.a.RequestMappingHandlerMapping [AbstractHandlerMethodMapping.java:217] Mapped "{[/api/user/update/{id}],methods=[PUT],produces=[application/json]}" onto public void mk.ukim.finki.wp.web.UserResource.updateUser(java.lang.Long,java.lang.String,java.lang.String,java.lang.String,java.lang.String,java.lang.String,java.lang.String)
2016-03-02 19:21:22,233 INFO [localhost-startStop-1] o.s.w.s.m.m.a.RequestMappingHandlerMapping [AbstractHandlerMethodMapping.java:217] Mapped "{[/api/user/remove/{id}],methods=[DELETE],produces=[application/json]}" onto public void mk.ukim.finki.wp.web.UserResource.removeUser(java.lang.Long)
2016-03-02 19:21:22,233 INFO [localhost-startStop-1] o.s.w.s.m.m.a.RequestMappingHandlerMapping [AbstractHandlerMethodMapping.java:217] Mapped "{[/api/user],methods=[GET],produces=[application/json]}" onto public java.util.List<mk.ukim.finki.wp.model.User> mk.ukim.finki.wp.web.UserResource.getAllUsers()
2016-03-02 19:21:22,234 INFO [localhost-startStop-1] o.s.w.s.m.m.a.RequestMappingHandlerMapping [AbstractHandlerMethodMapping.java:217] Mapped "{[/api/user/{id}],methods=[GET],produces=[application/json]}" onto public mk.ukim.finki.wp.model.User mk.ukim.finki.wp.web.UserResource.getUser(java.lang.Long)
2016-03-02 19:21:22,234 INFO [localhost-startStop-1] o.s.w.s.m.m.a.RequestMappingHandlerMapping [AbstractHandlerMethodMapping.java:217] Mapped "{[/api/user/admin],methods=[GET],produces=[application/json]}" onto public java.util.List<mk.ukim.finki.wp.model.User> mk.ukim.finki.wp.web.UserResource.getAllAdmins()
2016-03-02 19:21:22,825 INFO [localhost-startStop-1] o.s.w.s.m.m.a.RequestMappingHandlerAdapter [RequestMappingHandlerAdapter.java:517] Looking for @ControllerAdvice: WebApplicationContext for namespace 'dispatcherServlet-servlet': startup date [Wed Mar 02 19:21:21 CET 2016]; parent: Root WebApplicationContext
2016-03-02 19:21:22,886 INFO [localhost-startStop-1] o.s.w.s.m.m.a.RequestMappingHandlerAdapter [RequestMappingHandlerAdapter.java:517] Looking for @ControllerAdvice: WebApplicationContext for namespace 'dispatcherServlet-servlet': startup date [Wed Mar 02 19:21:21 CET 2016]; parent: Root WebApplicationContext
2016-03-02 19:21:23,008 INFO [localhost-startStop-1] o.s.w.s.h.SimpleUrlHandlerMapping [AbstractUrlHandlerMapping.java:314] Mapped URL path [/resources/**] onto handler 'org.springframework.web.servlet.resource.ResourceHttpRequestHandler#0'
2016-03-02 19:21:23,030 INFO [localhost-startStop-1] o.s.w.s.h.SimpleUrlHandlerMapping [AbstractUrlHandlerMapping.java:301] Root mapping to handler of type [class org.springframework.web.servlet.mvc.ParameterizableViewController]
2016-03-02 19:21:23,050 INFO [localhost-startStop-1] o.s.w.s.h.SimpleUrlHandlerMapping [AbstractUrlHandlerMapping.java:314] Mapped URL path [/**] onto handler 'org.springframework.web.servlet.resource.DefaultServletHttpRequestHandler#0'
2016-03-02 19:21:23,098 INFO [localhost-startStop-1] o.s.w.s.DispatcherServlet [FrameworkServlet.java:504] FrameworkServlet 'dispatcherServlet': initialization completed in 1445 ms
2016-03-02 19:23:27,758 WARN [http-bio-8080-exec-8] o.s.w.s.PageNotFound [DefaultHandlerExceptionResolver.java:198] Request method 'POST' not supported
2016-03-02 19:34:46,603 INFO [localhost-startStop-1] o.s.w.c.ContextLoader [ContextLoader.java:285] Root WebApplicationContext: initialization started
2016-03-02 19:34:46,761 INFO [localhost-startStop-1] o.s.w.c.s.XmlWebApplicationContext [AbstractApplicationContext.java:510] Refreshing Root WebApplicationContext: startup date [Wed Mar 02 19:34:46 CET 2016]; root of context hierarchy
2016-03-02 19:34:46,833 INFO [localhost-startStop-1] o.s.b.f.x.XmlBeanDefinitionReader [XmlBeanDefinitionReader.java:317] Loading XML bean definitions from class path resource [spring/business-config.xml]
2016-03-02 19:34:47,177 INFO [localhost-startStop-1] o.s.b.f.x.XmlBeanDefinitionReader [XmlBeanDefinitionReader.java:317] Loading XML bean definitions from class path resource [spring/persistence-config.xml]
2016-03-02 19:34:47,635 INFO [localhost-startStop-1] o.s.c.s.PropertySourcesPlaceholderConfigurer [PropertiesLoaderSupport.java:172] Loading properties file from class path resource [spring/data-access.properties]
2016-03-02 19:34:47,661 INFO [localhost-startStop-1] o.s.b.f.a.AutowiredAnnotationBeanPostProcessor [AutowiredAnnotationBeanPostProcessor.java:153] JSR-330 'javax.inject.Inject' annotation found and supported for autowiring
2016-03-02 19:34:47,957 INFO [localhost-startStop-1] o.s.o.j.LocalContainerEntityManagerFactoryBean [LocalContainerEntityManagerFactoryBean.java:339] Building JPA container EntityManagerFactory for persistence unit 'wp'
2016-03-02 19:34:47,994 INFO [localhost-startStop-1] o.h.j.i.u.LogHelper [LogHelper.java:46] HHH000204: Processing PersistenceUnitInfo [
	name: wp
	...]
2016-03-02 19:34:48,382 INFO [localhost-startStop-1] o.h.Version [Version.java:54] HHH000412: Hibernate Core {4.3.10.Final}
2016-03-02 19:34:48,386 INFO [localhost-startStop-1] o.h.c.Environment [Environment.java:239] HHH000206: hibernate.properties not found
2016-03-02 19:34:48,390 INFO [localhost-startStop-1] o.h.c.Environment [Environment.java:346] HHH000021: Bytecode provider name : javassist
2016-03-02 19:34:48,714 INFO [localhost-startStop-1] o.h.a.c.Version [JavaReflectionManager.java:66] HCANN000001: Hibernate Commons Annotations {4.0.5.Final}
2016-03-02 19:34:49,513 INFO [localhost-startStop-1] o.h.d.Dialect [Dialect.java:145] HHH000400: Using dialect: org.hibernate.dialect.MySQLDialect
2016-03-02 19:34:49,894 INFO [localhost-startStop-1] o.h.h.i.a.ASTQueryTranslatorFactory [ASTQueryTranslatorFactory.java:47] HHH000397: Using ASTQueryTranslatorFactory
2016-03-02 19:34:49,995 INFO [localhost-startStop-1] o.h.v.i.u.Version [Version.java:27] HV000001: Hibernate Validator 5.1.3.Final
2016-03-02 19:34:51,108 INFO [localhost-startStop-1] o.h.t.h.SchemaUpdate [SchemaUpdate.java:207] HHH000228: Running hbm2ddl schema update
2016-03-02 19:34:51,109 INFO [localhost-startStop-1] o.h.t.h.SchemaUpdate [SchemaUpdate.java:218] HHH000102: Fetching database metadata
2016-03-02 19:34:51,112 INFO [localhost-startStop-1] o.h.t.h.SchemaUpdate [SchemaUpdate.java:230] HHH000396: Updating schema
2016-03-02 19:34:51,152 INFO [localhost-startStop-1] o.h.t.h.TableMetadata [TableMetadata.java:65] HHH000261: Table found: wp_project.image_urls
2016-03-02 19:34:51,153 INFO [localhost-startStop-1] o.h.t.h.TableMetadata [TableMetadata.java:66] HHH000037: Columns: [image_url, id]
2016-03-02 19:34:51,153 INFO [localhost-startStop-1] o.h.t.h.TableMetadata [TableMetadata.java:68] HHH000108: Foreign keys: [fk_l7bw52eg0668q96j2tghmhn2j]
2016-03-02 19:34:51,154 INFO [localhost-startStop-1] o.h.t.h.TableMetadata [TableMetadata.java:69] HHH000126: Indexes: [uk_8ddf373eeg8y6vmptpj9u3ifq]
2016-03-02 19:34:51,169 INFO [localhost-startStop-1] o.h.t.h.TableMetadata [TableMetadata.java:65] HHH000261: Table found: wp_project.listings
2016-03-02 19:34:51,170 INFO [localhost-startStop-1] o.h.t.h.TableMetadata [TableMetadata.java:66] HHH000037: Columns: [user_id, id, title, createdon, content]
2016-03-02 19:34:51,171 INFO [localhost-startStop-1] o.h.t.h.TableMetadata [TableMetadata.java:68] HHH000108: Foreign keys: [fk_qv926x4jhroce71534nmady6a]
2016-03-02 19:34:51,171 INFO [localhost-startStop-1] o.h.t.h.TableMetadata [TableMetadata.java:69] HHH000126: Indexes: [fk_qv926x4jhroce71534nmady6a, primary]
2016-03-02 19:34:51,183 INFO [localhost-startStop-1] o.h.t.h.TableMetadata [TableMetadata.java:65] HHH000261: Table found: wp_project.messages
2016-03-02 19:34:51,184 INFO [localhost-startStop-1] o.h.t.h.TableMetadata [TableMetadata.java:66] HHH000037: Columns: [senton, id, content]
2016-03-02 19:34:51,184 INFO [localhost-startStop-1] o.h.t.h.TableMetadata [TableMetadata.java:68] HHH000108: Foreign keys: []
2016-03-02 19:34:51,185 INFO [localhost-startStop-1] o.h.t.h.TableMetadata [TableMetadata.java:69] HHH000126: Indexes: [primary]
2016-03-02 19:34:51,207 INFO [localhost-startStop-1] o.h.t.h.TableMetadata [TableMetadata.java:65] HHH000261: Table found: wp_project.users
2016-03-02 19:34:51,208 INFO [localhost-startStop-1] o.h.t.h.TableMetadata [TableMetadata.java:66] HHH000037: Columns: [password, birthdate, isadmin, surname, imageurl, name, uploadpath, id, email, username]
2016-03-02 19:34:51,209 INFO [localhost-startStop-1] o.h.t.h.TableMetadata [TableMetadata.java:68] HHH000108: Foreign keys: []
2016-03-02 19:34:51,209 INFO [localhost-startStop-1] o.h.t.h.TableMetadata [TableMetadata.java:69] HHH000126: Indexes: [uk_r43af9ap4edm43mmtq01oddj6, primary]
2016-03-02 19:34:51,211 INFO [localhost-startStop-1] o.h.t.h.SchemaUpdate [SchemaUpdate.java:267] HHH000232: Schema update complete
2016-03-02 19:34:51,663 INFO [localhost-startStop-1] o.s.w.c.ContextLoader [ContextLoader.java:325] Root WebApplicationContext: initialization completed in 5053 ms
2016-03-02 19:34:51,696 INFO [localhost-startStop-1] o.s.w.s.DispatcherServlet [FrameworkServlet.java:485] FrameworkServlet 'dispatcherServlet': initialization started
2016-03-02 19:34:51,702 INFO [localhost-startStop-1] o.s.w.c.s.XmlWebApplicationContext [AbstractApplicationContext.java:510] Refreshing WebApplicationContext for namespace 'dispatcherServlet-servlet': startup date [Wed Mar 02 19:34:51 CET 2016]; parent: Root WebApplicationContext
2016-03-02 19:34:51,703 INFO [localhost-startStop-1] o.s.b.f.x.XmlBeanDefinitionReader [XmlBeanDefinitionReader.java:317] Loading XML bean definitions from class path resource [spring/mvc-core-config.xml]
2016-03-02 19:34:51,770 INFO [localhost-startStop-1] o.s.b.f.x.XmlBeanDefinitionReader [XmlBeanDefinitionReader.java:317] Loading XML bean definitions from class path resource [spring/mvc-view-config.xml]
2016-03-02 19:34:51,971 INFO [localhost-startStop-1] o.s.b.f.a.AutowiredAnnotationBeanPostProcessor [AutowiredAnnotationBeanPostProcessor.java:153] JSR-330 'javax.inject.Inject' annotation found and supported for autowiring
2016-03-02 19:34:52,174 INFO [localhost-startStop-1] o.s.w.s.m.m.a.RequestMappingHandlerMapping [AbstractHandlerMethodMapping.java:217] Mapped "{[/],methods=[GET]}" onto public org.springframework.web.servlet.ModelAndView mk.ukim.finki.wp.web.HomeController.index(javax.servlet.http.HttpServletRequest)
2016-03-02 19:34:52,175 INFO [localhost-startStop-1] o.s.w.s.m.m.a.RequestMappingHandlerMapping [AbstractHandlerMethodMapping.java:217] Mapped "{[/login],methods=[GET]}" onto public org.springframework.web.servlet.ModelAndView mk.ukim.finki.wp.web.HomeController.login()
2016-03-02 19:34:52,175 INFO [localhost-startStop-1] o.s.w.s.m.m.a.RequestMappingHandlerMapping [AbstractHandlerMethodMapping.java:217] Mapped "{[/],methods=[POST]}" onto public org.springframework.web.servlet.ModelAndView mk.ukim.finki.wp.web.HomeController.afterSubmit(java.lang.String,java.lang.String,java.lang.String,java.lang.String,java.lang.String,java.lang.String,org.springframework.web.multipart.MultipartFile)
2016-03-02 19:34:52,176 INFO [localhost-startStop-1] o.s.w.s.m.m.a.RequestMappingHandlerMapping [AbstractHandlerMethodMapping.java:217] Mapped "{[/listing],methods=[POST]}" onto public org.springframework.web.servlet.ModelAndView mk.ukim.finki.wp.web.HomeController.createListing(java.lang.String,java.lang.String,java.util.ArrayList<org.springframework.web.multipart.MultipartFile>,javax.servlet.http.HttpSession)
2016-03-02 19:34:52,179 INFO [localhost-startStop-1] o.s.w.s.m.m.a.RequestMappingHandlerMapping [AbstractHandlerMethodMapping.java:217] Mapped "{[/api/listing],methods=[GET],produces=[application/json]}" onto public java.util.List<mk.ukim.finki.wp.model.Listing> mk.ukim.finki.wp.web.ListingResource.getAllListings()
2016-03-02 19:34:52,179 INFO [localhost-startStop-1] o.s.w.s.m.m.a.RequestMappingHandlerMapping [AbstractHandlerMethodMapping.java:217] Mapped "{[/api/listing/user/{id}],methods=[GET],produces=[application/json]}" onto public java.util.List<mk.ukim.finki.wp.model.Listing> mk.ukim.finki.wp.web.ListingResource.getAllListingsByUser(java.lang.Long)
2016-03-02 19:34:52,182 INFO [localhost-startStop-1] o.s.w.s.m.m.a.RequestMappingHandlerMapping [AbstractHandlerMethodMapping.java:217] Mapped "{[/api/user/update/{id}],methods=[POST],produces=[application/json]}" onto public void mk.ukim.finki.wp.web.UserResource.updateUser(java.lang.Long,java.lang.String,java.lang.String,java.lang.String,java.lang.String,java.lang.String,java.lang.String)
2016-03-02 19:34:52,182 INFO [localhost-startStop-1] o.s.w.s.m.m.a.RequestMappingHandlerMapping [AbstractHandlerMethodMapping.java:217] Mapped "{[/api/user/remove/{id}],methods=[DELETE],produces=[application/json]}" onto public void mk.ukim.finki.wp.web.UserResource.removeUser(java.lang.Long)
2016-03-02 19:34:52,183 INFO [localhost-startStop-1] o.s.w.s.m.m.a.RequestMappingHandlerMapping [AbstractHandlerMethodMapping.java:217] Mapped "{[/api/user/admin],methods=[GET],produces=[application/json]}" onto public java.util.List<mk.ukim.finki.wp.model.User> mk.ukim.finki.wp.web.UserResource.getAllAdmins()
2016-03-02 19:34:52,184 INFO [localhost-startStop-1] o.s.w.s.m.m.a.RequestMappingHandlerMapping [AbstractHandlerMethodMapping.java:217] Mapped "{[/api/user/{id}],methods=[GET],produces=[application/json]}" onto public mk.ukim.finki.wp.model.User mk.ukim.finki.wp.web.UserResource.getUser(java.lang.Long)
2016-03-02 19:34:52,184 INFO [localhost-startStop-1] o.s.w.s.m.m.a.RequestMappingHandlerMapping [AbstractHandlerMethodMapping.java:217] Mapped "{[/api/user],methods=[GET],produces=[application/json]}" onto public java.util.List<mk.ukim.finki.wp.model.User> mk.ukim.finki.wp.web.UserResource.getAllUsers()
2016-03-02 19:34:52,657 INFO [localhost-startStop-1] o.s.w.s.m.m.a.RequestMappingHandlerAdapter [RequestMappingHandlerAdapter.java:517] Looking for @ControllerAdvice: WebApplicationContext for namespace 'dispatcherServlet-servlet': startup date [Wed Mar 02 19:34:51 CET 2016]; parent: Root WebApplicationContext
2016-03-02 19:34:52,728 INFO [localhost-startStop-1] o.s.w.s.m.m.a.RequestMappingHandlerAdapter [RequestMappingHandlerAdapter.java:517] Looking for @ControllerAdvice: WebApplicationContext for namespace 'dispatcherServlet-servlet': startup date [Wed Mar 02 19:34:51 CET 2016]; parent: Root WebApplicationContext
2016-03-02 19:34:52,841 INFO [localhost-startStop-1] o.s.w.s.h.SimpleUrlHandlerMapping [AbstractUrlHandlerMapping.java:314] Mapped URL path [/resources/**] onto handler 'org.springframework.web.servlet.resource.ResourceHttpRequestHandler#0'
2016-03-02 19:34:52,857 INFO [localhost-startStop-1] o.s.w.s.h.SimpleUrlHandlerMapping [AbstractUrlHandlerMapping.java:301] Root mapping to handler of type [class org.springframework.web.servlet.mvc.ParameterizableViewController]
2016-03-02 19:34:52,886 INFO [localhost-startStop-1] o.s.w.s.h.SimpleUrlHandlerMapping [AbstractUrlHandlerMapping.java:314] Mapped URL path [/**] onto handler 'org.springframework.web.servlet.resource.DefaultServletHttpRequestHandler#0'
2016-03-02 19:34:52,947 INFO [localhost-startStop-1] o.s.w.s.DispatcherServlet [FrameworkServlet.java:504] FrameworkServlet 'dispatcherServlet': initialization completed in 1250 ms
2016-03-02 19:59:00,825 INFO [localhost-startStop-1] o.s.w.c.ContextLoader [ContextLoader.java:285] Root WebApplicationContext: initialization started
2016-03-02 19:59:00,983 INFO [localhost-startStop-1] o.s.w.c.s.XmlWebApplicationContext [AbstractApplicationContext.java:510] Refreshing Root WebApplicationContext: startup date [Wed Mar 02 19:59:00 CET 2016]; root of context hierarchy
2016-03-02 19:59:01,110 INFO [localhost-startStop-1] o.s.b.f.x.XmlBeanDefinitionReader [XmlBeanDefinitionReader.java:317] Loading XML bean definitions from class path resource [spring/business-config.xml]
2016-03-02 19:59:01,396 INFO [localhost-startStop-1] o.s.b.f.x.XmlBeanDefinitionReader [XmlBeanDefinitionReader.java:317] Loading XML bean definitions from class path resource [spring/persistence-config.xml]
2016-03-02 19:59:01,844 INFO [localhost-startStop-1] o.s.c.s.PropertySourcesPlaceholderConfigurer [PropertiesLoaderSupport.java:172] Loading properties file from class path resource [spring/data-access.properties]
2016-03-02 19:59:01,880 INFO [localhost-startStop-1] o.s.b.f.a.AutowiredAnnotationBeanPostProcessor [AutowiredAnnotationBeanPostProcessor.java:153] JSR-330 'javax.inject.Inject' annotation found and supported for autowiring
2016-03-02 19:59:02,249 INFO [localhost-startStop-1] o.s.o.j.LocalContainerEntityManagerFactoryBean [LocalContainerEntityManagerFactoryBean.java:339] Building JPA container EntityManagerFactory for persistence unit 'wp'
2016-03-02 19:59:02,297 INFO [localhost-startStop-1] o.h.j.i.u.LogHelper [LogHelper.java:46] HHH000204: Processing PersistenceUnitInfo [
	name: wp
	...]
2016-03-02 19:59:02,540 INFO [localhost-startStop-1] o.h.Version [Version.java:54] HHH000412: Hibernate Core {4.3.10.Final}
2016-03-02 19:59:02,543 INFO [localhost-startStop-1] o.h.c.Environment [Environment.java:239] HHH000206: hibernate.properties not found
2016-03-02 19:59:02,545 INFO [localhost-startStop-1] o.h.c.Environment [Environment.java:346] HHH000021: Bytecode provider name : javassist
2016-03-02 19:59:02,833 INFO [localhost-startStop-1] o.h.a.c.Version [JavaReflectionManager.java:66] HCANN000001: Hibernate Commons Annotations {4.0.5.Final}
2016-03-02 19:59:03,479 INFO [localhost-startStop-1] o.h.d.Dialect [Dialect.java:145] HHH000400: Using dialect: org.hibernate.dialect.MySQLDialect
2016-03-02 19:59:03,864 INFO [localhost-startStop-1] o.h.h.i.a.ASTQueryTranslatorFactory [ASTQueryTranslatorFactory.java:47] HHH000397: Using ASTQueryTranslatorFactory
2016-03-02 19:59:04,002 INFO [localhost-startStop-1] o.h.v.i.u.Version [Version.java:27] HV000001: Hibernate Validator 5.1.3.Final
2016-03-02 19:59:05,262 INFO [localhost-startStop-1] o.h.t.h.SchemaUpdate [SchemaUpdate.java:207] HHH000228: Running hbm2ddl schema update
2016-03-02 19:59:05,263 INFO [localhost-startStop-1] o.h.t.h.SchemaUpdate [SchemaUpdate.java:218] HHH000102: Fetching database metadata
2016-03-02 19:59:05,266 INFO [localhost-startStop-1] o.h.t.h.SchemaUpdate [SchemaUpdate.java:230] HHH000396: Updating schema
2016-03-02 19:59:05,324 INFO [localhost-startStop-1] o.h.t.h.TableMetadata [TableMetadata.java:65] HHH000261: Table found: wp_project.image_urls
2016-03-02 19:59:05,324 INFO [localhost-startStop-1] o.h.t.h.TableMetadata [TableMetadata.java:66] HHH000037: Columns: [image_url, id]
2016-03-02 19:59:05,325 INFO [localhost-startStop-1] o.h.t.h.TableMetadata [TableMetadata.java:68] HHH000108: Foreign keys: [fk_l7bw52eg0668q96j2tghmhn2j]
2016-03-02 19:59:05,326 INFO [localhost-startStop-1] o.h.t.h.TableMetadata [TableMetadata.java:69] HHH000126: Indexes: [uk_8ddf373eeg8y6vmptpj9u3ifq]
2016-03-02 19:59:05,346 INFO [localhost-startStop-1] o.h.t.h.TableMetadata [TableMetadata.java:65] HHH000261: Table found: wp_project.listings
2016-03-02 19:59:05,347 INFO [localhost-startStop-1] o.h.t.h.TableMetadata [TableMetadata.java:66] HHH000037: Columns: [user_id, id, title, createdon, content]
2016-03-02 19:59:05,347 INFO [localhost-startStop-1] o.h.t.h.TableMetadata [TableMetadata.java:68] HHH000108: Foreign keys: [fk_qv926x4jhroce71534nmady6a]
2016-03-02 19:59:05,348 INFO [localhost-startStop-1] o.h.t.h.TableMetadata [TableMetadata.java:69] HHH000126: Indexes: [fk_qv926x4jhroce71534nmady6a, primary]
2016-03-02 19:59:05,370 INFO [localhost-startStop-1] o.h.t.h.TableMetadata [TableMetadata.java:65] HHH000261: Table found: wp_project.messages
2016-03-02 19:59:05,371 INFO [localhost-startStop-1] o.h.t.h.TableMetadata [TableMetadata.java:66] HHH000037: Columns: [senton, id, content]
2016-03-02 19:59:05,372 INFO [localhost-startStop-1] o.h.t.h.TableMetadata [TableMetadata.java:68] HHH000108: Foreign keys: []
2016-03-02 19:59:05,372 INFO [localhost-startStop-1] o.h.t.h.TableMetadata [TableMetadata.java:69] HHH000126: Indexes: [primary]
2016-03-02 19:59:05,397 INFO [localhost-startStop-1] o.h.t.h.TableMetadata [TableMetadata.java:65] HHH000261: Table found: wp_project.users
2016-03-02 19:59:05,398 INFO [localhost-startStop-1] o.h.t.h.TableMetadata [TableMetadata.java:66] HHH000037: Columns: [password, birthdate, isadmin, surname, imageurl, name, uploadpath, id, email, username]
2016-03-02 19:59:05,398 INFO [localhost-startStop-1] o.h.t.h.TableMetadata [TableMetadata.java:68] HHH000108: Foreign keys: []
2016-03-02 19:59:05,398 INFO [localhost-startStop-1] o.h.t.h.TableMetadata [TableMetadata.java:69] HHH000126: Indexes: [uk_r43af9ap4edm43mmtq01oddj6, primary]
2016-03-02 19:59:05,400 INFO [localhost-startStop-1] o.h.t.h.SchemaUpdate [SchemaUpdate.java:267] HHH000232: Schema update complete
2016-03-02 19:59:05,955 INFO [localhost-startStop-1] o.s.w.c.ContextLoader [ContextLoader.java:325] Root WebApplicationContext: initialization completed in 5120 ms
2016-03-02 19:59:06,006 INFO [localhost-startStop-1] o.s.w.s.DispatcherServlet [FrameworkServlet.java:485] FrameworkServlet 'dispatcherServlet': initialization started
2016-03-02 19:59:06,011 INFO [localhost-startStop-1] o.s.w.c.s.XmlWebApplicationContext [AbstractApplicationContext.java:510] Refreshing WebApplicationContext for namespace 'dispatcherServlet-servlet': startup date [Wed Mar 02 19:59:06 CET 2016]; parent: Root WebApplicationContext
2016-03-02 19:59:06,012 INFO [localhost-startStop-1] o.s.b.f.x.XmlBeanDefinitionReader [XmlBeanDefinitionReader.java:317] Loading XML bean definitions from class path resource [spring/mvc-core-config.xml]
2016-03-02 19:59:06,085 INFO [localhost-startStop-1] o.s.b.f.x.XmlBeanDefinitionReader [XmlBeanDefinitionReader.java:317] Loading XML bean definitions from class path resource [spring/mvc-view-config.xml]
2016-03-02 19:59:06,366 INFO [localhost-startStop-1] o.s.b.f.a.AutowiredAnnotationBeanPostProcessor [AutowiredAnnotationBeanPostProcessor.java:153] JSR-330 'javax.inject.Inject' annotation found and supported for autowiring
2016-03-02 19:59:06,683 INFO [localhost-startStop-1] o.s.w.s.m.m.a.RequestMappingHandlerMapping [AbstractHandlerMethodMapping.java:217] Mapped "{[/],methods=[GET]}" onto public org.springframework.web.servlet.ModelAndView mk.ukim.finki.wp.web.HomeController.index(javax.servlet.http.HttpServletRequest)
2016-03-02 19:59:06,684 INFO [localhost-startStop-1] o.s.w.s.m.m.a.RequestMappingHandlerMapping [AbstractHandlerMethodMapping.java:217] Mapped "{[/login],methods=[GET]}" onto public org.springframework.web.servlet.ModelAndView mk.ukim.finki.wp.web.HomeController.login()
2016-03-02 19:59:06,685 INFO [localhost-startStop-1] o.s.w.s.m.m.a.RequestMappingHandlerMapping [AbstractHandlerMethodMapping.java:217] Mapped "{[/listing],methods=[POST]}" onto public org.springframework.web.servlet.ModelAndView mk.ukim.finki.wp.web.HomeController.createListing(java.lang.String,java.lang.String,java.util.ArrayList<org.springframework.web.multipart.MultipartFile>,javax.servlet.http.HttpSession)
2016-03-02 19:59:06,686 INFO [localhost-startStop-1] o.s.w.s.m.m.a.RequestMappingHandlerMapping [AbstractHandlerMethodMapping.java:217] Mapped "{[/],methods=[POST]}" onto public org.springframework.web.servlet.ModelAndView mk.ukim.finki.wp.web.HomeController.afterSubmit(java.lang.String,java.lang.String,java.lang.String,java.lang.String,java.lang.String,java.lang.String,org.springframework.web.multipart.MultipartFile)
2016-03-02 19:59:06,691 INFO [localhost-startStop-1] o.s.w.s.m.m.a.RequestMappingHandlerMapping [AbstractHandlerMethodMapping.java:217] Mapped "{[/api/listing],methods=[GET],produces=[application/json]}" onto public java.util.List<mk.ukim.finki.wp.model.Listing> mk.ukim.finki.wp.web.ListingResource.getAllListings()
2016-03-02 19:59:06,691 INFO [localhost-startStop-1] o.s.w.s.m.m.a.RequestMappingHandlerMapping [AbstractHandlerMethodMapping.java:217] Mapped "{[/api/listing/user/{id}],methods=[GET],produces=[application/json]}" onto public java.util.List<mk.ukim.finki.wp.model.Listing> mk.ukim.finki.wp.web.ListingResource.getAllListingsByUser(java.lang.Long)
2016-03-02 19:59:06,694 INFO [localhost-startStop-1] o.s.w.s.m.m.a.RequestMappingHandlerMapping [AbstractHandlerMethodMapping.java:217] Mapped "{[/api/user],methods=[GET],produces=[application/json]}" onto public java.util.List<mk.ukim.finki.wp.model.User> mk.ukim.finki.wp.web.UserResource.getAllUsers()
2016-03-02 19:59:06,698 INFO [localhost-startStop-1] o.s.w.s.m.m.a.RequestMappingHandlerMapping [AbstractHandlerMethodMapping.java:217] Mapped "{[/api/user/admin],methods=[GET],produces=[application/json]}" onto public java.util.List<mk.ukim.finki.wp.model.User> mk.ukim.finki.wp.web.UserResource.getAllAdmins()
2016-03-02 19:59:06,699 INFO [localhost-startStop-1] o.s.w.s.m.m.a.RequestMappingHandlerMapping [AbstractHandlerMethodMapping.java:217] Mapped "{[/api/user/{id}],methods=[GET],produces=[application/json]}" onto public mk.ukim.finki.wp.model.User mk.ukim.finki.wp.web.UserResource.getUser(java.lang.Long)
2016-03-02 19:59:06,700 INFO [localhost-startStop-1] o.s.w.s.m.m.a.RequestMappingHandlerMapping [AbstractHandlerMethodMapping.java:217] Mapped "{[/api/user/update/{id}],methods=[PUT],produces=[application/json]}" onto public void mk.ukim.finki.wp.web.UserResource.updateUser(java.lang.Long,java.lang.String,java.lang.String,java.lang.String,java.lang.String,java.lang.String,java.lang.String)
2016-03-02 19:59:06,702 INFO [localhost-startStop-1] o.s.w.s.m.m.a.RequestMappingHandlerMapping [AbstractHandlerMethodMapping.java:217] Mapped "{[/api/user/remove/{id}],methods=[DELETE],produces=[application/json]}" onto public void mk.ukim.finki.wp.web.UserResource.removeUser(java.lang.Long)
2016-03-02 19:59:07,200 INFO [localhost-startStop-1] o.s.w.s.m.m.a.RequestMappingHandlerAdapter [RequestMappingHandlerAdapter.java:517] Looking for @ControllerAdvice: WebApplicationContext for namespace 'dispatcherServlet-servlet': startup date [Wed Mar 02 19:59:06 CET 2016]; parent: Root WebApplicationContext
2016-03-02 19:59:07,279 INFO [localhost-startStop-1] o.s.w.s.m.m.a.RequestMappingHandlerAdapter [RequestMappingHandlerAdapter.java:517] Looking for @ControllerAdvice: WebApplicationContext for namespace 'dispatcherServlet-servlet': startup date [Wed Mar 02 19:59:06 CET 2016]; parent: Root WebApplicationContext
2016-03-02 19:59:07,395 INFO [localhost-startStop-1] o.s.w.s.h.SimpleUrlHandlerMapping [AbstractUrlHandlerMapping.java:314] Mapped URL path [/resources/**] onto handler 'org.springframework.web.servlet.resource.ResourceHttpRequestHandler#0'
2016-03-02 19:59:07,418 INFO [localhost-startStop-1] o.s.w.s.h.SimpleUrlHandlerMapping [AbstractUrlHandlerMapping.java:301] Root mapping to handler of type [class org.springframework.web.servlet.mvc.ParameterizableViewController]
2016-03-02 19:59:07,430 INFO [localhost-startStop-1] o.s.w.s.h.SimpleUrlHandlerMapping [AbstractUrlHandlerMapping.java:314] Mapped URL path [/**] onto handler 'org.springframework.web.servlet.resource.DefaultServletHttpRequestHandler#0'
2016-03-02 19:59:07,498 INFO [localhost-startStop-1] o.s.w.s.DispatcherServlet [FrameworkServlet.java:504] FrameworkServlet 'dispatcherServlet': initialization completed in 1492 ms
2016-03-02 20:00:22,063 WARN [http-bio-8080-exec-7] o.s.w.s.PageNotFound [DefaultHandlerExceptionResolver.java:198] Request method 'POST' not supported
2016-03-02 20:01:10,976 INFO [localhost-startStop-1] o.s.w.c.ContextLoader [ContextLoader.java:285] Root WebApplicationContext: initialization started
2016-03-02 20:01:11,130 INFO [localhost-startStop-1] o.s.w.c.s.XmlWebApplicationContext [AbstractApplicationContext.java:510] Refreshing Root WebApplicationContext: startup date [Wed Mar 02 20:01:11 CET 2016]; root of context hierarchy
2016-03-02 20:01:11,183 INFO [localhost-startStop-1] o.s.b.f.x.XmlBeanDefinitionReader [XmlBeanDefinitionReader.java:317] Loading XML bean definitions from class path resource [spring/business-config.xml]
2016-03-02 20:01:11,477 INFO [localhost-startStop-1] o.s.b.f.x.XmlBeanDefinitionReader [XmlBeanDefinitionReader.java:317] Loading XML bean definitions from class path resource [spring/persistence-config.xml]
2016-03-02 20:01:11,915 INFO [localhost-startStop-1] o.s.c.s.PropertySourcesPlaceholderConfigurer [PropertiesLoaderSupport.java:172] Loading properties file from class path resource [spring/data-access.properties]
2016-03-02 20:01:11,939 INFO [localhost-startStop-1] o.s.b.f.a.AutowiredAnnotationBeanPostProcessor [AutowiredAnnotationBeanPostProcessor.java:153] JSR-330 'javax.inject.Inject' annotation found and supported for autowiring
2016-03-02 20:01:12,317 INFO [localhost-startStop-1] o.s.o.j.LocalContainerEntityManagerFactoryBean [LocalContainerEntityManagerFactoryBean.java:339] Building JPA container EntityManagerFactory for persistence unit 'wp'
2016-03-02 20:01:12,367 INFO [localhost-startStop-1] o.h.j.i.u.LogHelper [LogHelper.java:46] HHH000204: Processing PersistenceUnitInfo [
	name: wp
	...]
2016-03-02 20:01:12,613 INFO [localhost-startStop-1] o.h.Version [Version.java:54] HHH000412: Hibernate Core {4.3.10.Final}
2016-03-02 20:01:12,624 INFO [localhost-startStop-1] o.h.c.Environment [Environment.java:239] HHH000206: hibernate.properties not found
2016-03-02 20:01:12,628 INFO [localhost-startStop-1] o.h.c.Environment [Environment.java:346] HHH000021: Bytecode provider name : javassist
2016-03-02 20:01:12,940 INFO [localhost-startStop-1] o.h.a.c.Version [JavaReflectionManager.java:66] HCANN000001: Hibernate Commons Annotations {4.0.5.Final}
2016-03-02 20:01:13,702 INFO [localhost-startStop-1] o.h.d.Dialect [Dialect.java:145] HHH000400: Using dialect: org.hibernate.dialect.MySQLDialect
2016-03-02 20:01:14,050 INFO [localhost-startStop-1] o.h.h.i.a.ASTQueryTranslatorFactory [ASTQueryTranslatorFactory.java:47] HHH000397: Using ASTQueryTranslatorFactory
2016-03-02 20:01:14,208 INFO [localhost-startStop-1] o.h.v.i.u.Version [Version.java:27] HV000001: Hibernate Validator 5.1.3.Final
2016-03-02 20:01:15,417 INFO [localhost-startStop-1] o.h.t.h.SchemaUpdate [SchemaUpdate.java:207] HHH000228: Running hbm2ddl schema update
2016-03-02 20:01:15,418 INFO [localhost-startStop-1] o.h.t.h.SchemaUpdate [SchemaUpdate.java:218] HHH000102: Fetching database metadata
2016-03-02 20:01:15,421 INFO [localhost-startStop-1] o.h.t.h.SchemaUpdate [SchemaUpdate.java:230] HHH000396: Updating schema
2016-03-02 20:01:15,498 INFO [localhost-startStop-1] o.h.t.h.TableMetadata [TableMetadata.java:65] HHH000261: Table found: wp_project.image_urls
2016-03-02 20:01:15,499 INFO [localhost-startStop-1] o.h.t.h.TableMetadata [TableMetadata.java:66] HHH000037: Columns: [image_url, id]
2016-03-02 20:01:15,499 INFO [localhost-startStop-1] o.h.t.h.TableMetadata [TableMetadata.java:68] HHH000108: Foreign keys: [fk_l7bw52eg0668q96j2tghmhn2j]
2016-03-02 20:01:15,500 INFO [localhost-startStop-1] o.h.t.h.TableMetadata [TableMetadata.java:69] HHH000126: Indexes: [uk_8ddf373eeg8y6vmptpj9u3ifq]
2016-03-02 20:01:15,521 INFO [localhost-startStop-1] o.h.t.h.TableMetadata [TableMetadata.java:65] HHH000261: Table found: wp_project.listings
2016-03-02 20:01:15,522 INFO [localhost-startStop-1] o.h.t.h.TableMetadata [TableMetadata.java:66] HHH000037: Columns: [user_id, id, title, createdon, content]
2016-03-02 20:01:15,522 INFO [localhost-startStop-1] o.h.t.h.TableMetadata [TableMetadata.java:68] HHH000108: Foreign keys: [fk_qv926x4jhroce71534nmady6a]
2016-03-02 20:01:15,523 INFO [localhost-startStop-1] o.h.t.h.TableMetadata [TableMetadata.java:69] HHH000126: Indexes: [fk_qv926x4jhroce71534nmady6a, primary]
2016-03-02 20:01:15,541 INFO [localhost-startStop-1] o.h.t.h.TableMetadata [TableMetadata.java:65] HHH000261: Table found: wp_project.messages
2016-03-02 20:01:15,541 INFO [localhost-startStop-1] o.h.t.h.TableMetadata [TableMetadata.java:66] HHH000037: Columns: [senton, id, content]
2016-03-02 20:01:15,542 INFO [localhost-startStop-1] o.h.t.h.TableMetadata [TableMetadata.java:68] HHH000108: Foreign keys: []
2016-03-02 20:01:15,542 INFO [localhost-startStop-1] o.h.t.h.TableMetadata [TableMetadata.java:69] HHH000126: Indexes: [primary]
2016-03-02 20:01:15,566 INFO [localhost-startStop-1] o.h.t.h.TableMetadata [TableMetadata.java:65] HHH000261: Table found: wp_project.users
2016-03-02 20:01:15,567 INFO [localhost-startStop-1] o.h.t.h.TableMetadata [TableMetadata.java:66] HHH000037: Columns: [password, birthdate, isadmin, surname, imageurl, name, uploadpath, id, email, username]
2016-03-02 20:01:15,568 INFO [localhost-startStop-1] o.h.t.h.TableMetadata [TableMetadata.java:68] HHH000108: Foreign keys: []
2016-03-02 20:01:15,569 INFO [localhost-startStop-1] o.h.t.h.TableMetadata [TableMetadata.java:69] HHH000126: Indexes: [uk_r43af9ap4edm43mmtq01oddj6, primary]
2016-03-02 20:01:15,571 INFO [localhost-startStop-1] o.h.t.h.SchemaUpdate [SchemaUpdate.java:267] HHH000232: Schema update complete
2016-03-02 20:01:16,085 INFO [localhost-startStop-1] o.s.w.c.ContextLoader [ContextLoader.java:325] Root WebApplicationContext: initialization completed in 5103 ms
2016-03-02 20:01:16,164 INFO [localhost-startStop-1] o.s.w.s.DispatcherServlet [FrameworkServlet.java:485] FrameworkServlet 'dispatcherServlet': initialization started
2016-03-02 20:01:16,170 INFO [localhost-startStop-1] o.s.w.c.s.XmlWebApplicationContext [AbstractApplicationContext.java:510] Refreshing WebApplicationContext for namespace 'dispatcherServlet-servlet': startup date [Wed Mar 02 20:01:16 CET 2016]; parent: Root WebApplicationContext
2016-03-02 20:01:16,171 INFO [localhost-startStop-1] o.s.b.f.x.XmlBeanDefinitionReader [XmlBeanDefinitionReader.java:317] Loading XML bean definitions from class path resource [spring/mvc-core-config.xml]
2016-03-02 20:01:16,244 INFO [localhost-startStop-1] o.s.b.f.x.XmlBeanDefinitionReader [XmlBeanDefinitionReader.java:317] Loading XML bean definitions from class path resource [spring/mvc-view-config.xml]
2016-03-02 20:01:16,443 INFO [localhost-startStop-1] o.s.b.f.a.AutowiredAnnotationBeanPostProcessor [AutowiredAnnotationBeanPostProcessor.java:153] JSR-330 'javax.inject.Inject' annotation found and supported for autowiring
2016-03-02 20:01:16,691 INFO [localhost-startStop-1] o.s.w.s.m.m.a.RequestMappingHandlerMapping [AbstractHandlerMethodMapping.java:217] Mapped "{[/],methods=[GET]}" onto public org.springframework.web.servlet.ModelAndView mk.ukim.finki.wp.web.HomeController.index(javax.servlet.http.HttpServletRequest)
2016-03-02 20:01:16,692 INFO [localhost-startStop-1] o.s.w.s.m.m.a.RequestMappingHandlerMapping [AbstractHandlerMethodMapping.java:217] Mapped "{[/login],methods=[GET]}" onto public org.springframework.web.servlet.ModelAndView mk.ukim.finki.wp.web.HomeController.login()
2016-03-02 20:01:16,692 INFO [localhost-startStop-1] o.s.w.s.m.m.a.RequestMappingHandlerMapping [AbstractHandlerMethodMapping.java:217] Mapped "{[/],methods=[POST]}" onto public org.springframework.web.servlet.ModelAndView mk.ukim.finki.wp.web.HomeController.afterSubmit(java.lang.String,java.lang.String,java.lang.String,java.lang.String,java.lang.String,java.lang.String,org.springframework.web.multipart.MultipartFile)
2016-03-02 20:01:16,694 INFO [localhost-startStop-1] o.s.w.s.m.m.a.RequestMappingHandlerMapping [AbstractHandlerMethodMapping.java:217] Mapped "{[/listing],methods=[POST]}" onto public org.springframework.web.servlet.ModelAndView mk.ukim.finki.wp.web.HomeController.createListing(java.lang.String,java.lang.String,java.util.ArrayList<org.springframework.web.multipart.MultipartFile>,javax.servlet.http.HttpSession)
2016-03-02 20:01:16,697 INFO [localhost-startStop-1] o.s.w.s.m.m.a.RequestMappingHandlerMapping [AbstractHandlerMethodMapping.java:217] Mapped "{[/api/listing],methods=[GET],produces=[application/json]}" onto public java.util.List<mk.ukim.finki.wp.model.Listing> mk.ukim.finki.wp.web.ListingResource.getAllListings()
2016-03-02 20:01:16,698 INFO [localhost-startStop-1] o.s.w.s.m.m.a.RequestMappingHandlerMapping [AbstractHandlerMethodMapping.java:217] Mapped "{[/api/listing/user/{id}],methods=[GET],produces=[application/json]}" onto public java.util.List<mk.ukim.finki.wp.model.Listing> mk.ukim.finki.wp.web.ListingResource.getAllListingsByUser(java.lang.Long)
2016-03-02 20:01:16,701 INFO [localhost-startStop-1] o.s.w.s.m.m.a.RequestMappingHandlerMapping [AbstractHandlerMethodMapping.java:217] Mapped "{[/api/user/update/{id}],methods=[POST],produces=[application/json]}" onto public void mk.ukim.finki.wp.web.UserResource.updateUser(java.lang.Long,java.lang.String,java.lang.String,java.lang.String,java.lang.String,java.lang.String,java.lang.String)
2016-03-02 20:01:16,701 INFO [localhost-startStop-1] o.s.w.s.m.m.a.RequestMappingHandlerMapping [AbstractHandlerMethodMapping.java:217] Mapped "{[/api/user/remove/{id}],methods=[DELETE],produces=[application/json]}" onto public void mk.ukim.finki.wp.web.UserResource.removeUser(java.lang.Long)
2016-03-02 20:01:16,702 INFO [localhost-startStop-1] o.s.w.s.m.m.a.RequestMappingHandlerMapping [AbstractHandlerMethodMapping.java:217] Mapped "{[/api/user/{id}],methods=[GET],produces=[application/json]}" onto public mk.ukim.finki.wp.model.User mk.ukim.finki.wp.web.UserResource.getUser(java.lang.Long)
2016-03-02 20:01:16,704 INFO [localhost-startStop-1] o.s.w.s.m.m.a.RequestMappingHandlerMapping [AbstractHandlerMethodMapping.java:217] Mapped "{[/api/user],methods=[GET],produces=[application/json]}" onto public java.util.List<mk.ukim.finki.wp.model.User> mk.ukim.finki.wp.web.UserResource.getAllUsers()
2016-03-02 20:01:16,705 INFO [localhost-startStop-1] o.s.w.s.m.m.a.RequestMappingHandlerMapping [AbstractHandlerMethodMapping.java:217] Mapped "{[/api/user/admin],methods=[GET],produces=[application/json]}" onto public java.util.List<mk.ukim.finki.wp.model.User> mk.ukim.finki.wp.web.UserResource.getAllAdmins()
2016-03-02 20:01:17,196 INFO [localhost-startStop-1] o.s.w.s.m.m.a.RequestMappingHandlerAdapter [RequestMappingHandlerAdapter.java:517] Looking for @ControllerAdvice: WebApplicationContext for namespace 'dispatcherServlet-servlet': startup date [Wed Mar 02 20:01:16 CET 2016]; parent: Root WebApplicationContext
2016-03-02 20:01:17,272 INFO [localhost-startStop-1] o.s.w.s.m.m.a.RequestMappingHandlerAdapter [RequestMappingHandlerAdapter.java:517] Looking for @ControllerAdvice: WebApplicationContext for namespace 'dispatcherServlet-servlet': startup date [Wed Mar 02 20:01:16 CET 2016]; parent: Root WebApplicationContext
2016-03-02 20:01:17,383 INFO [localhost-startStop-1] o.s.w.s.h.SimpleUrlHandlerMapping [AbstractUrlHandlerMapping.java:314] Mapped URL path [/resources/**] onto handler 'org.springframework.web.servlet.resource.ResourceHttpRequestHandler#0'
2016-03-02 20:01:17,398 INFO [localhost-startStop-1] o.s.w.s.h.SimpleUrlHandlerMapping [AbstractUrlHandlerMapping.java:301] Root mapping to handler of type [class org.springframework.web.servlet.mvc.ParameterizableViewController]
2016-03-02 20:01:17,411 INFO [localhost-startStop-1] o.s.w.s.h.SimpleUrlHandlerMapping [AbstractUrlHandlerMapping.java:314] Mapped URL path [/**] onto handler 'org.springframework.web.servlet.resource.DefaultServletHttpRequestHandler#0'
2016-03-02 20:01:17,467 INFO [localhost-startStop-1] o.s.w.s.DispatcherServlet [FrameworkServlet.java:504] FrameworkServlet 'dispatcherServlet': initialization completed in 1303 ms
2016-03-02 20:03:17,334 INFO [localhost-startStop-1] o.s.w.c.ContextLoader [ContextLoader.java:285] Root WebApplicationContext: initialization started
2016-03-02 20:03:17,550 INFO [localhost-startStop-1] o.s.w.c.s.XmlWebApplicationContext [AbstractApplicationContext.java:510] Refreshing Root WebApplicationContext: startup date [Wed Mar 02 20:03:17 CET 2016]; root of context hierarchy
2016-03-02 20:03:17,710 INFO [localhost-startStop-1] o.s.b.f.x.XmlBeanDefinitionReader [XmlBeanDefinitionReader.java:317] Loading XML bean definitions from class path resource [spring/business-config.xml]
2016-03-02 20:03:18,132 INFO [localhost-startStop-1] o.s.b.f.x.XmlBeanDefinitionReader [XmlBeanDefinitionReader.java:317] Loading XML bean definitions from class path resource [spring/persistence-config.xml]
2016-03-02 20:03:18,757 INFO [localhost-startStop-1] o.s.c.s.PropertySourcesPlaceholderConfigurer [PropertiesLoaderSupport.java:172] Loading properties file from class path resource [spring/data-access.properties]
2016-03-02 20:03:18,807 INFO [localhost-startStop-1] o.s.b.f.a.AutowiredAnnotationBeanPostProcessor [AutowiredAnnotationBeanPostProcessor.java:153] JSR-330 'javax.inject.Inject' annotation found and supported for autowiring
2016-03-02 20:03:19,239 INFO [localhost-startStop-1] o.s.o.j.LocalContainerEntityManagerFactoryBean [LocalContainerEntityManagerFactoryBean.java:339] Building JPA container EntityManagerFactory for persistence unit 'wp'
2016-03-02 20:03:19,301 INFO [localhost-startStop-1] o.h.j.i.u.LogHelper [LogHelper.java:46] HHH000204: Processing PersistenceUnitInfo [
	name: wp
	...]
2016-03-02 20:03:19,674 INFO [localhost-startStop-1] o.h.Version [Version.java:54] HHH000412: Hibernate Core {4.3.10.Final}
2016-03-02 20:03:19,681 INFO [localhost-startStop-1] o.h.c.Environment [Environment.java:239] HHH000206: hibernate.properties not found
2016-03-02 20:03:19,686 INFO [localhost-startStop-1] o.h.c.Environment [Environment.java:346] HHH000021: Bytecode provider name : javassist
2016-03-02 20:03:20,212 INFO [localhost-startStop-1] o.h.a.c.Version [JavaReflectionManager.java:66] HCANN000001: Hibernate Commons Annotations {4.0.5.Final}
2016-03-02 20:03:20,892 INFO [localhost-startStop-1] o.h.d.Dialect [Dialect.java:145] HHH000400: Using dialect: org.hibernate.dialect.MySQLDialect
2016-03-02 20:03:21,227 INFO [localhost-startStop-1] o.h.h.i.a.ASTQueryTranslatorFactory [ASTQueryTranslatorFactory.java:47] HHH000397: Using ASTQueryTranslatorFactory
2016-03-02 20:03:21,285 INFO [localhost-startStop-1] o.h.v.i.u.Version [Version.java:27] HV000001: Hibernate Validator 5.1.3.Final
2016-03-02 20:03:22,176 INFO [localhost-startStop-1] o.h.t.h.SchemaUpdate [SchemaUpdate.java:207] HHH000228: Running hbm2ddl schema update
2016-03-02 20:03:22,176 INFO [localhost-startStop-1] o.h.t.h.SchemaUpdate [SchemaUpdate.java:218] HHH000102: Fetching database metadata
2016-03-02 20:03:22,179 INFO [localhost-startStop-1] o.h.t.h.SchemaUpdate [SchemaUpdate.java:230] HHH000396: Updating schema
2016-03-02 20:03:22,224 INFO [localhost-startStop-1] o.h.t.h.TableMetadata [TableMetadata.java:65] HHH000261: Table found: wp_project.image_urls
2016-03-02 20:03:22,225 INFO [localhost-startStop-1] o.h.t.h.TableMetadata [TableMetadata.java:66] HHH000037: Columns: [image_url, id]
2016-03-02 20:03:22,226 INFO [localhost-startStop-1] o.h.t.h.TableMetadata [TableMetadata.java:68] HHH000108: Foreign keys: [fk_l7bw52eg0668q96j2tghmhn2j]
2016-03-02 20:03:22,226 INFO [localhost-startStop-1] o.h.t.h.TableMetadata [TableMetadata.java:69] HHH000126: Indexes: [uk_8ddf373eeg8y6vmptpj9u3ifq]
2016-03-02 20:03:22,244 INFO [localhost-startStop-1] o.h.t.h.TableMetadata [TableMetadata.java:65] HHH000261: Table found: wp_project.listings
2016-03-02 20:03:22,244 INFO [localhost-startStop-1] o.h.t.h.TableMetadata [TableMetadata.java:66] HHH000037: Columns: [user_id, id, title, createdon, content]
2016-03-02 20:03:22,245 INFO [localhost-startStop-1] o.h.t.h.TableMetadata [TableMetadata.java:68] HHH000108: Foreign keys: [fk_qv926x4jhroce71534nmady6a]
2016-03-02 20:03:22,245 INFO [localhost-startStop-1] o.h.t.h.TableMetadata [TableMetadata.java:69] HHH000126: Indexes: [fk_qv926x4jhroce71534nmady6a, primary]
2016-03-02 20:03:22,259 INFO [localhost-startStop-1] o.h.t.h.TableMetadata [TableMetadata.java:65] HHH000261: Table found: wp_project.messages
2016-03-02 20:03:22,260 INFO [localhost-startStop-1] o.h.t.h.TableMetadata [TableMetadata.java:66] HHH000037: Columns: [senton, id, content]
2016-03-02 20:03:22,261 INFO [localhost-startStop-1] o.h.t.h.TableMetadata [TableMetadata.java:68] HHH000108: Foreign keys: []
2016-03-02 20:03:22,261 INFO [localhost-startStop-1] o.h.t.h.TableMetadata [TableMetadata.java:69] HHH000126: Indexes: [primary]
2016-03-02 20:03:22,278 INFO [localhost-startStop-1] o.h.t.h.TableMetadata [TableMetadata.java:65] HHH000261: Table found: wp_project.users
2016-03-02 20:03:22,279 INFO [localhost-startStop-1] o.h.t.h.TableMetadata [TableMetadata.java:66] HHH000037: Columns: [password, birthdate, isadmin, surname, imageurl, name, uploadpath, id, email, username]
2016-03-02 20:03:22,279 INFO [localhost-startStop-1] o.h.t.h.TableMetadata [TableMetadata.java:68] HHH000108: Foreign keys: []
2016-03-02 20:03:22,280 INFO [localhost-startStop-1] o.h.t.h.TableMetadata [TableMetadata.java:69] HHH000126: Indexes: [uk_r43af9ap4edm43mmtq01oddj6, primary]
2016-03-02 20:03:22,281 INFO [localhost-startStop-1] o.h.t.h.SchemaUpdate [SchemaUpdate.java:267] HHH000232: Schema update complete
2016-03-02 20:03:22,750 INFO [localhost-startStop-1] o.s.w.c.ContextLoader [ContextLoader.java:325] Root WebApplicationContext: initialization completed in 5406 ms
2016-03-02 20:03:22,792 INFO [localhost-startStop-1] o.s.w.s.DispatcherServlet [FrameworkServlet.java:485] FrameworkServlet 'dispatcherServlet': initialization started
2016-03-02 20:03:22,799 INFO [localhost-startStop-1] o.s.w.c.s.XmlWebApplicationContext [AbstractApplicationContext.java:510] Refreshing WebApplicationContext for namespace 'dispatcherServlet-servlet': startup date [Wed Mar 02 20:03:22 CET 2016]; parent: Root WebApplicationContext
2016-03-02 20:03:22,801 INFO [localhost-startStop-1] o.s.b.f.x.XmlBeanDefinitionReader [XmlBeanDefinitionReader.java:317] Loading XML bean definitions from class path resource [spring/mvc-core-config.xml]
2016-03-02 20:03:22,870 INFO [localhost-startStop-1] o.s.b.f.x.XmlBeanDefinitionReader [XmlBeanDefinitionReader.java:317] Loading XML bean definitions from class path resource [spring/mvc-view-config.xml]
2016-03-02 20:03:23,071 INFO [localhost-startStop-1] o.s.b.f.a.AutowiredAnnotationBeanPostProcessor [AutowiredAnnotationBeanPostProcessor.java:153] JSR-330 'javax.inject.Inject' annotation found and supported for autowiring
2016-03-02 20:03:23,325 INFO [localhost-startStop-1] o.s.w.s.m.m.a.RequestMappingHandlerMapping [AbstractHandlerMethodMapping.java:217] Mapped "{[/],methods=[GET]}" onto public org.springframework.web.servlet.ModelAndView mk.ukim.finki.wp.web.HomeController.index(javax.servlet.http.HttpServletRequest)
2016-03-02 20:03:23,326 INFO [localhost-startStop-1] o.s.w.s.m.m.a.RequestMappingHandlerMapping [AbstractHandlerMethodMapping.java:217] Mapped "{[/login],methods=[GET]}" onto public org.springframework.web.servlet.ModelAndView mk.ukim.finki.wp.web.HomeController.login()
2016-03-02 20:03:23,326 INFO [localhost-startStop-1] o.s.w.s.m.m.a.RequestMappingHandlerMapping [AbstractHandlerMethodMapping.java:217] Mapped "{[/],methods=[POST]}" onto public org.springframework.web.servlet.ModelAndView mk.ukim.finki.wp.web.HomeController.afterSubmit(java.lang.String,java.lang.String,java.lang.String,java.lang.String,java.lang.String,java.lang.String,org.springframework.web.multipart.MultipartFile)
2016-03-02 20:03:23,327 INFO [localhost-startStop-1] o.s.w.s.m.m.a.RequestMappingHandlerMapping [AbstractHandlerMethodMapping.java:217] Mapped "{[/listing],methods=[POST]}" onto public org.springframework.web.servlet.ModelAndView mk.ukim.finki.wp.web.HomeController.createListing(java.lang.String,java.lang.String,java.util.ArrayList<org.springframework.web.multipart.MultipartFile>,javax.servlet.http.HttpSession)
2016-03-02 20:03:23,330 INFO [localhost-startStop-1] o.s.w.s.m.m.a.RequestMappingHandlerMapping [AbstractHandlerMethodMapping.java:217] Mapped "{[/api/listing],methods=[GET],produces=[application/json]}" onto public java.util.List<mk.ukim.finki.wp.model.Listing> mk.ukim.finki.wp.web.ListingResource.getAllListings()
2016-03-02 20:03:23,330 INFO [localhost-startStop-1] o.s.w.s.m.m.a.RequestMappingHandlerMapping [AbstractHandlerMethodMapping.java:217] Mapped "{[/api/listing/user/{id}],methods=[GET],produces=[application/json]}" onto public java.util.List<mk.ukim.finki.wp.model.Listing> mk.ukim.finki.wp.web.ListingResource.getAllListingsByUser(java.lang.Long)
2016-03-02 20:03:23,333 INFO [localhost-startStop-1] o.s.w.s.m.m.a.RequestMappingHandlerMapping [AbstractHandlerMethodMapping.java:217] Mapped "{[/api/user/update/{id}],methods=[PUT],produces=[application/json]}" onto public void mk.ukim.finki.wp.web.UserResource.updateUser(java.lang.Long,java.lang.String,java.lang.String,java.lang.String,java.lang.String,java.lang.String,java.lang.String)
2016-03-02 20:03:23,334 INFO [localhost-startStop-1] o.s.w.s.m.m.a.RequestMappingHandlerMapping [AbstractHandlerMethodMapping.java:217] Mapped "{[/api/user/remove/{id}],methods=[DELETE],produces=[application/json]}" onto public void mk.ukim.finki.wp.web.UserResource.removeUser(java.lang.Long)
2016-03-02 20:03:23,334 INFO [localhost-startStop-1] o.s.w.s.m.m.a.RequestMappingHandlerMapping [AbstractHandlerMethodMapping.java:217] Mapped "{[/api/user/{id}],methods=[GET],produces=[application/json]}" onto public mk.ukim.finki.wp.model.User mk.ukim.finki.wp.web.UserResource.getUser(java.lang.Long)
2016-03-02 20:03:23,335 INFO [localhost-startStop-1] o.s.w.s.m.m.a.RequestMappingHandlerMapping [AbstractHandlerMethodMapping.java:217] Mapped "{[/api/user],methods=[GET],produces=[application/json]}" onto public java.util.List<mk.ukim.finki.wp.model.User> mk.ukim.finki.wp.web.UserResource.getAllUsers()
2016-03-02 20:03:23,336 INFO [localhost-startStop-1] o.s.w.s.m.m.a.RequestMappingHandlerMapping [AbstractHandlerMethodMapping.java:217] Mapped "{[/api/user/admin],methods=[GET],produces=[application/json]}" onto public java.util.List<mk.ukim.finki.wp.model.User> mk.ukim.finki.wp.web.UserResource.getAllAdmins()
2016-03-02 20:03:23,855 INFO [localhost-startStop-1] o.s.w.s.m.m.a.RequestMappingHandlerAdapter [RequestMappingHandlerAdapter.java:517] Looking for @ControllerAdvice: WebApplicationContext for namespace 'dispatcherServlet-servlet': startup date [Wed Mar 02 20:03:22 CET 2016]; parent: Root WebApplicationContext
2016-03-02 20:03:23,971 INFO [localhost-startStop-1] o.s.w.s.m.m.a.RequestMappingHandlerAdapter [RequestMappingHandlerAdapter.java:517] Looking for @ControllerAdvice: WebApplicationContext for namespace 'dispatcherServlet-servlet': startup date [Wed Mar 02 20:03:22 CET 2016]; parent: Root WebApplicationContext
2016-03-02 20:03:24,096 INFO [localhost-startStop-1] o.s.w.s.h.SimpleUrlHandlerMapping [AbstractUrlHandlerMapping.java:314] Mapped URL path [/resources/**] onto handler 'org.springframework.web.servlet.resource.ResourceHttpRequestHandler#0'
2016-03-02 20:03:24,105 INFO [localhost-startStop-1] o.s.w.s.h.SimpleUrlHandlerMapping [AbstractUrlHandlerMapping.java:301] Root mapping to handler of type [class org.springframework.web.servlet.mvc.ParameterizableViewController]
2016-03-02 20:03:24,113 INFO [localhost-startStop-1] o.s.w.s.h.SimpleUrlHandlerMapping [AbstractUrlHandlerMapping.java:314] Mapped URL path [/**] onto handler 'org.springframework.web.servlet.resource.DefaultServletHttpRequestHandler#0'
2016-03-02 20:03:24,159 INFO [localhost-startStop-1] o.s.w.s.DispatcherServlet [FrameworkServlet.java:504] FrameworkServlet 'dispatcherServlet': initialization completed in 1365 ms
